CRITICAL - 2021-03-13 14:34:46 --> Undefined index: level_user
#0 C:\Users\Bon cabe\Documents\pesanan\jimbo\TA\app\penjualan_HTSA_jimbo\app\Controllers\backend\LoginController.php(31): CodeIgniter\Debug\Exceptions->errorHandler(8, 'Undefined index...', 'C:\\Users\\Bon ca...', 31, Array)
#1 C:\Users\Bon cabe\Documents\pesanan\jimbo\TA\app\penjualan_HTSA_jimbo\vendor\codeigniter4\framework\system\CodeIgniter.php(918): App\Controllers\backend\LoginController->login()
#2 C:\Users\Bon cabe\Documents\pesanan\jimbo\TA\app\penjualan_HTSA_jimbo\vendor\codeigniter4\framework\system\CodeIgniter.php(404): CodeIgniter\CodeIgniter->runController(Object(App\Controllers\backend\LoginController))
#3 C:\Users\Bon cabe\Documents\pesanan\jimbo\TA\app\penjualan_HTSA_jimbo\vendor\codeigniter4\framework\system\CodeIgniter.php(312): CodeIgniter\CodeIgniter->handleRequest(NULL, Object(Config\Cache), false)
#4 C:\Users\Bon cabe\Documents\pesanan\jimbo\TA\app\penjualan_HTSA_jimbo\public\index.php(45): CodeIgniter\CodeIgniter->run()
#5 C:\Users\Bon cabe\Documents\pesanan\jimbo\TA\app\penjualan_HTSA_jimbo\vendor\codeigniter4\framework\system\Commands\Server\rewrite.php(34): require_once('C:\\Users\\Bon ca...')
#6 {main}
CRITICAL - 2021-03-13 14:36:11 --> Trying to access array offset on value of type null
#0 C:\Users\Bon cabe\Documents\pesanan\jimbo\TA\app\penjualan_HTSA_jimbo\app\Views\frontend\pages\detail.php(12): CodeIgniter\Debug\Exceptions->errorHandler(8, 'Trying to acces...', 'C:\\Users\\Bon ca...', 12, Array)
#1 C:\Users\Bon cabe\Documents\pesanan\jimbo\TA\app\penjualan_HTSA_jimbo\vendor\codeigniter4\framework\system\View\View.php(246): include('C:\\Users\\Bon ca...')
#2 C:\Users\Bon cabe\Documents\pesanan\jimbo\TA\app\penjualan_HTSA_jimbo\vendor\codeigniter4\framework\system\Common.php(1119): CodeIgniter\View\View->render('frontend/pages/...', Array, true)
#3 C:\Users\Bon cabe\Documents\pesanan\jimbo\TA\app\penjualan_HTSA_jimbo\app\Controllers\Produk.php(31): view('frontend/pages/...', Array)
#4 C:\Users\Bon cabe\Documents\pesanan\jimbo\TA\app\penjualan_HTSA_jimbo\vendor\codeigniter4\framework\system\CodeIgniter.php(918): App\Controllers\Produk->index('backend', 'plugins', 'fontawesome-fre...', 'css', 'all.min.css')
#5 C:\Users\Bon cabe\Documents\pesanan\jimbo\TA\app\penjualan_HTSA_jimbo\vendor\codeigniter4\framework\system\CodeIgniter.php(404): CodeIgniter\CodeIgniter->runController(Object(App\Controllers\Produk))
#6 C:\Users\Bon cabe\Documents\pesanan\jimbo\TA\app\penjualan_HTSA_jimbo\vendor\codeigniter4\framework\system\CodeIgniter.php(312): CodeIgniter\CodeIgniter->handleRequest(NULL, Object(Config\Cache), false)
#7 C:\Users\Bon cabe\Documents\pesanan\jimbo\TA\app\penjualan_HTSA_jimbo\public\index.php(45): CodeIgniter\CodeIgniter->run()
#8 C:\Users\Bon cabe\Documents\pesanan\jimbo\TA\app\penjualan_HTSA_jimbo\vendor\codeigniter4\framework\system\Commands\Server\rewrite.php(34): require_once('C:\\Users\\Bon ca...')
#9 {main}
CRITICAL - 2021-03-13 14:36:11 --> Trying to access array offset on value of type null
#0 C:\Users\Bon cabe\Documents\pesanan\jimbo\TA\app\penjualan_HTSA_jimbo\app\Views\frontend\pages\detail.php(12): CodeIgniter\Debug\Exceptions->errorHandler(8, 'Trying to acces...', 'C:\\Users\\Bon ca...', 12, Array)
#1 C:\Users\Bon cabe\Documents\pesanan\jimbo\TA\app\penjualan_HTSA_jimbo\vendor\codeigniter4\framework\system\View\View.php(246): include('C:\\Users\\Bon ca...')
#2 C:\Users\Bon cabe\Documents\pesanan\jimbo\TA\app\penjualan_HTSA_jimbo\vendor\codeigniter4\framework\system\Common.php(1119): CodeIgniter\View\View->render('frontend/pages/...', Array, true)
#3 C:\Users\Bon cabe\Documents\pesanan\jimbo\TA\app\penjualan_HTSA_jimbo\app\Controllers\Produk.php(31): view('frontend/pages/...', Array)
#4 C:\Users\Bon cabe\Documents\pesanan\jimbo\TA\app\penjualan_HTSA_jimbo\vendor\codeigniter4\framework\system\CodeIgniter.php(918): App\Controllers\Produk->index('backend', 'dist', 'css', 'adminlte.min.cs...')
#5 C:\Users\Bon cabe\Documents\pesanan\jimbo\TA\app\penjualan_HTSA_jimbo\vendor\codeigniter4\framework\system\CodeIgniter.php(404): CodeIgniter\CodeIgniter->runController(Object(App\Controllers\Produk))
#6 C:\Users\Bon cabe\Documents\pesanan\jimbo\TA\app\penjualan_HTSA_jimbo\vendor\codeigniter4\framework\system\CodeIgniter.php(312): CodeIgniter\CodeIgniter->handleRequest(NULL, Object(Config\Cache), false)
#7 C:\Users\Bon cabe\Documents\pesanan\jimbo\TA\app\penjualan_HTSA_jimbo\public\index.php(45): CodeIgniter\CodeIgniter->run()
#8 C:\Users\Bon cabe\Documents\pesanan\jimbo\TA\app\penjualan_HTSA_jimbo\vendor\codeigniter4\framework\system\Commands\Server\rewrite.php(34): require_once('C:\\Users\\Bon ca...')
#9 {main}
CRITICAL - 2021-03-13 14:36:12 --> Trying to access array offset on value of type null
#0 C:\Users\Bon cabe\Documents\pesanan\jimbo\TA\app\penjualan_HTSA_jimbo\app\Views\frontend\pages\detail.php(12): CodeIgniter\Debug\Exceptions->errorHandler(8, 'Trying to acces...', 'C:\\Users\\Bon ca...', 12, Array)
#1 C:\Users\Bon cabe\Documents\pesanan\jimbo\TA\app\penjualan_HTSA_jimbo\vendor\codeigniter4\framework\system\View\View.php(246): include('C:\\Users\\Bon ca...')
#2 C:\Users\Bon cabe\Documents\pesanan\jimbo\TA\app\penjualan_HTSA_jimbo\vendor\codeigniter4\framework\system\Common.php(1119): CodeIgniter\View\View->render('frontend/pages/...', Array, true)
#3 C:\Users\Bon cabe\Documents\pesanan\jimbo\TA\app\penjualan_HTSA_jimbo\app\Controllers\Produk.php(31): view('frontend/pages/...', Array)
#4 C:\Users\Bon cabe\Documents\pesanan\jimbo\TA\app\penjualan_HTSA_jimbo\vendor\codeigniter4\framework\system\CodeIgniter.php(918): App\Controllers\Produk->index('backend', 'plugins', 'bootstrap', 'js', 'bootstrap.bundl...')
#5 C:\Users\Bon cabe\Documents\pesanan\jimbo\TA\app\penjualan_HTSA_jimbo\vendor\codeigniter4\framework\system\CodeIgniter.php(404): CodeIgniter\CodeIgniter->runController(Object(App\Controllers\Produk))
#6 C:\Users\Bon cabe\Documents\pesanan\jimbo\TA\app\penjualan_HTSA_jimbo\vendor\codeigniter4\framework\system\CodeIgniter.php(312): CodeIgniter\CodeIgniter->handleRequest(NULL, Object(Config\Cache), false)
#7 C:\Users\Bon cabe\Documents\pesanan\jimbo\TA\app\penjualan_HTSA_jimbo\public\index.php(45): CodeIgniter\CodeIgniter->run()
#8 C:\Users\Bon cabe\Documents\pesanan\jimbo\TA\app\penjualan_HTSA_jimbo\vendor\codeigniter4\framework\system\Commands\Server\rewrite.php(34): require_once('C:\\Users\\Bon ca...')
#9 {main}
CRITICAL - 2021-03-13 14:36:12 --> Trying to access array offset on value of type null
#0 C:\Users\Bon cabe\Documents\pesanan\jimbo\TA\app\penjualan_HTSA_jimbo\app\Views\frontend\pages\detail.php(12): CodeIgniter\Debug\Exceptions->errorHandler(8, 'Trying to acces...', 'C:\\Users\\Bon ca...', 12, Array)
#1 C:\Users\Bon cabe\Documents\pesanan\jimbo\TA\app\penjualan_HTSA_jimbo\vendor\codeigniter4\framework\system\View\View.php(246): include('C:\\Users\\Bon ca...')
#2 C:\Users\Bon cabe\Documents\pesanan\jimbo\TA\app\penjualan_HTSA_jimbo\vendor\codeigniter4\framework\system\Common.php(1119): CodeIgniter\View\View->render('frontend/pages/...', Array, true)
#3 C:\Users\Bon cabe\Documents\pesanan\jimbo\TA\app\penjualan_HTSA_jimbo\app\Controllers\Produk.php(31): view('frontend/pages/...', Array)
#4 C:\Users\Bon cabe\Documents\pesanan\jimbo\TA\app\penjualan_HTSA_jimbo\vendor\codeigniter4\framework\system\CodeIgniter.php(918): App\Controllers\Produk->index('backend', 'dist', 'js', 'adminlte.min.js')
#5 C:\Users\Bon cabe\Documents\pesanan\jimbo\TA\app\penjualan_HTSA_jimbo\vendor\codeigniter4\framework\system\CodeIgniter.php(404): CodeIgniter\CodeIgniter->runController(Object(App\Controllers\Produk))
#6 C:\Users\Bon cabe\Documents\pesanan\jimbo\TA\app\penjualan_HTSA_jimbo\vendor\codeigniter4\framework\system\CodeIgniter.php(312): CodeIgniter\CodeIgniter->handleRequest(NULL, Object(Config\Cache), false)
#7 C:\Users\Bon cabe\Documents\pesanan\jimbo\TA\app\penjualan_HTSA_jimbo\public\index.php(45): CodeIgniter\CodeIgniter->run()
#8 C:\Users\Bon cabe\Documents\pesanan\jimbo\TA\app\penjualan_HTSA_jimbo\vendor\codeigniter4\framework\system\Commands\Server\rewrite.php(34): require_once('C:\\Users\\Bon ca...')
#9 {main}
CRITICAL - 2021-03-13 14:36:12 --> Trying to access array offset on value of type null
#0 C:\Users\Bon cabe\Documents\pesanan\jimbo\TA\app\penjualan_HTSA_jimbo\app\Views\frontend\pages\detail.php(12): CodeIgniter\Debug\Exceptions->errorHandler(8, 'Trying to acces...', 'C:\\Users\\Bon ca...', 12, Array)
#1 C:\Users\Bon cabe\Documents\pesanan\jimbo\TA\app\penjualan_HTSA_jimbo\vendor\codeigniter4\framework\system\View\View.php(246): include('C:\\Users\\Bon ca...')
#2 C:\Users\Bon cabe\Documents\pesanan\jimbo\TA\app\penjualan_HTSA_jimbo\vendor\codeigniter4\framework\system\Common.php(1119): CodeIgniter\View\View->render('frontend/pages/...', Array, true)
#3 C:\Users\Bon cabe\Documents\pesanan\jimbo\TA\app\penjualan_HTSA_jimbo\app\Controllers\Produk.php(31): view('frontend/pages/...', Array)
#4 C:\Users\Bon cabe\Documents\pesanan\jimbo\TA\app\penjualan_HTSA_jimbo\vendor\codeigniter4\framework\system\CodeIgniter.php(918): App\Controllers\Produk->index('backend', 'dist', 'js', 'demo.js')
#5 C:\Users\Bon cabe\Documents\pesanan\jimbo\TA\app\penjualan_HTSA_jimbo\vendor\codeigniter4\framework\system\CodeIgniter.php(404): CodeIgniter\CodeIgniter->runController(Object(App\Controllers\Produk))
#6 C:\Users\Bon cabe\Documents\pesanan\jimbo\TA\app\penjualan_HTSA_jimbo\vendor\codeigniter4\framework\system\CodeIgniter.php(312): CodeIgniter\CodeIgniter->handleRequest(NULL, Object(Config\Cache), false)
#7 C:\Users\Bon cabe\Documents\pesanan\jimbo\TA\app\penjualan_HTSA_jimbo\public\index.php(45): CodeIgniter\CodeIgniter->run()
#8 C:\Users\Bon cabe\Documents\pesanan\jimbo\TA\app\penjualan_HTSA_jimbo\vendor\codeigniter4\framework\system\Commands\Server\rewrite.php(34): require_once('C:\\Users\\Bon ca...')
#9 {main}
CRITICAL - 2021-03-13 14:36:12 --> Trying to access array offset on value of type null
#0 C:\Users\Bon cabe\Documents\pesanan\jimbo\TA\app\penjualan_HTSA_jimbo\app\Views\frontend\pages\detail.php(12): CodeIgniter\Debug\Exceptions->errorHandler(8, 'Trying to acces...', 'C:\\Users\\Bon ca...', 12, Array)
#1 C:\Users\Bon cabe\Documents\pesanan\jimbo\TA\app\penjualan_HTSA_jimbo\vendor\codeigniter4\framework\system\View\View.php(246): include('C:\\Users\\Bon ca...')
#2 C:\Users\Bon cabe\Documents\pesanan\jimbo\TA\app\penjualan_HTSA_jimbo\vendor\codeigniter4\framework\system\Common.php(1119): CodeIgniter\View\View->render('frontend/pages/...', Array, true)
#3 C:\Users\Bon cabe\Documents\pesanan\jimbo\TA\app\penjualan_HTSA_jimbo\app\Controllers\Produk.php(31): view('frontend/pages/...', Array)
#4 C:\Users\Bon cabe\Documents\pesanan\jimbo\TA\app\penjualan_HTSA_jimbo\vendor\codeigniter4\framework\system\CodeIgniter.php(918): App\Controllers\Produk->index('frontend', 'img', 'logo.png')
#5 C:\Users\Bon cabe\Documents\pesanan\jimbo\TA\app\penjualan_HTSA_jimbo\vendor\codeigniter4\framework\system\CodeIgniter.php(404): CodeIgniter\CodeIgniter->runController(Object(App\Controllers\Produk))
#6 C:\Users\Bon cabe\Documents\pesanan\jimbo\TA\app\penjualan_HTSA_jimbo\vendor\codeigniter4\framework\system\CodeIgniter.php(312): CodeIgniter\CodeIgniter->handleRequest(NULL, Object(Config\Cache), false)
#7 C:\Users\Bon cabe\Documents\pesanan\jimbo\TA\app\penjualan_HTSA_jimbo\public\index.php(45): CodeIgniter\CodeIgniter->run()
#8 C:\Users\Bon cabe\Documents\pesanan\jimbo\TA\app\penjualan_HTSA_jimbo\vendor\codeigniter4\framework\system\Commands\Server\rewrite.php(34): require_once('C:\\Users\\Bon ca...')
#9 {main}
CRITICAL - 2021-03-13 14:36:12 --> Trying to access array offset on value of type null
#0 C:\Users\Bon cabe\Documents\pesanan\jimbo\TA\app\penjualan_HTSA_jimbo\app\Views\frontend\pages\detail.php(12): CodeIgniter\Debug\Exceptions->errorHandler(8, 'Trying to acces...', 'C:\\Users\\Bon ca...', 12, Array)
#1 C:\Users\Bon cabe\Documents\pesanan\jimbo\TA\app\penjualan_HTSA_jimbo\vendor\codeigniter4\framework\system\View\View.php(246): include('C:\\Users\\Bon ca...')
#2 C:\Users\Bon cabe\Documents\pesanan\jimbo\TA\app\penjualan_HTSA_jimbo\vendor\codeigniter4\framework\system\Common.php(1119): CodeIgniter\View\View->render('frontend/pages/...', Array, true)
#3 C:\Users\Bon cabe\Documents\pesanan\jimbo\TA\app\penjualan_HTSA_jimbo\app\Controllers\Produk.php(31): view('frontend/pages/...', Array)
#4 C:\Users\Bon cabe\Documents\pesanan\jimbo\TA\app\penjualan_HTSA_jimbo\vendor\codeigniter4\framework\system\CodeIgniter.php(918): App\Controllers\Produk->index('backend', 'plugins', 'bootstrap', 'js', 'bootstrap.bundl...')
#5 C:\Users\Bon cabe\Documents\pesanan\jimbo\TA\app\penjualan_HTSA_jimbo\vendor\codeigniter4\framework\system\CodeIgniter.php(404): CodeIgniter\CodeIgniter->runController(Object(App\Controllers\Produk))
#6 C:\Users\Bon cabe\Documents\pesanan\jimbo\TA\app\penjualan_HTSA_jimbo\vendor\codeigniter4\framework\system\CodeIgniter.php(312): CodeIgniter\CodeIgniter->handleRequest(NULL, Object(Config\Cache), false)
#7 C:\Users\Bon cabe\Documents\pesanan\jimbo\TA\app\penjualan_HTSA_jimbo\public\index.php(45): CodeIgniter\CodeIgniter->run()
#8 C:\Users\Bon cabe\Documents\pesanan\jimbo\TA\app\penjualan_HTSA_jimbo\vendor\codeigniter4\framework\system\Commands\Server\rewrite.php(34): require_once('C:\\Users\\Bon ca...')
#9 {main}
CRITICAL - 2021-03-13 14:36:12 --> Trying to access array offset on value of type null
#0 C:\Users\Bon cabe\Documents\pesanan\jimbo\TA\app\penjualan_HTSA_jimbo\app\Views\frontend\pages\detail.php(12): CodeIgniter\Debug\Exceptions->errorHandler(8, 'Trying to acces...', 'C:\\Users\\Bon ca...', 12, Array)
#1 C:\Users\Bon cabe\Documents\pesanan\jimbo\TA\app\penjualan_HTSA_jimbo\vendor\codeigniter4\framework\system\View\View.php(246): include('C:\\Users\\Bon ca...')
#2 C:\Users\Bon cabe\Documents\pesanan\jimbo\TA\app\penjualan_HTSA_jimbo\vendor\codeigniter4\framework\system\Common.php(1119): CodeIgniter\View\View->render('frontend/pages/...', Array, true)
#3 C:\Users\Bon cabe\Documents\pesanan\jimbo\TA\app\penjualan_HTSA_jimbo\app\Controllers\Produk.php(31): view('frontend/pages/...', Array)
#4 C:\Users\Bon cabe\Documents\pesanan\jimbo\TA\app\penjualan_HTSA_jimbo\vendor\codeigniter4\framework\system\CodeIgniter.php(918): App\Controllers\Produk->index('backend', 'dist', 'js', 'adminlte.min.js')
#5 C:\Users\Bon cabe\Documents\pesanan\jimbo\TA\app\penjualan_HTSA_jimbo\vendor\codeigniter4\framework\system\CodeIgniter.php(404): CodeIgniter\CodeIgniter->runController(Object(App\Controllers\Produk))
#6 C:\Users\Bon cabe\Documents\pesanan\jimbo\TA\app\penjualan_HTSA_jimbo\vendor\codeigniter4\framework\system\CodeIgniter.php(312): CodeIgniter\CodeIgniter->handleRequest(NULL, Object(Config\Cache), false)
#7 C:\Users\Bon cabe\Documents\pesanan\jimbo\TA\app\penjualan_HTSA_jimbo\public\index.php(45): CodeIgniter\CodeIgniter->run()
#8 C:\Users\Bon cabe\Documents\pesanan\jimbo\TA\app\penjualan_HTSA_jimbo\vendor\codeigniter4\framework\system\Commands\Server\rewrite.php(34): require_once('C:\\Users\\Bon ca...')
#9 {main}
CRITICAL - 2021-03-13 14:36:12 --> Trying to access array offset on value of type null
#0 C:\Users\Bon cabe\Documents\pesanan\jimbo\TA\app\penjualan_HTSA_jimbo\app\Views\frontend\pages\detail.php(12): CodeIgniter\Debug\Exceptions->errorHandler(8, 'Trying to acces...', 'C:\\Users\\Bon ca...', 12, Array)
#1 C:\Users\Bon cabe\Documents\pesanan\jimbo\TA\app\penjualan_HTSA_jimbo\vendor\codeigniter4\framework\system\View\View.php(246): include('C:\\Users\\Bon ca...')
#2 C:\Users\Bon cabe\Documents\pesanan\jimbo\TA\app\penjualan_HTSA_jimbo\vendor\codeigniter4\framework\system\Common.php(1119): CodeIgniter\View\View->render('frontend/pages/...', Array, true)
#3 C:\Users\Bon cabe\Documents\pesanan\jimbo\TA\app\penjualan_HTSA_jimbo\app\Controllers\Produk.php(31): view('frontend/pages/...', Array)
#4 C:\Users\Bon cabe\Documents\pesanan\jimbo\TA\app\penjualan_HTSA_jimbo\vendor\codeigniter4\framework\system\CodeIgniter.php(918): App\Controllers\Produk->index('backend', 'dist', 'js', 'demo.js')
#5 C:\Users\Bon cabe\Documents\pesanan\jimbo\TA\app\penjualan_HTSA_jimbo\vendor\codeigniter4\framework\system\CodeIgniter.php(404): CodeIgniter\CodeIgniter->runController(Object(App\Controllers\Produk))
#6 C:\Users\Bon cabe\Documents\pesanan\jimbo\TA\app\penjualan_HTSA_jimbo\vendor\codeigniter4\framework\system\CodeIgniter.php(312): CodeIgniter\CodeIgniter->handleRequest(NULL, Object(Config\Cache), false)
#7 C:\Users\Bon cabe\Documents\pesanan\jimbo\TA\app\penjualan_HTSA_jimbo\public\index.php(45): CodeIgniter\CodeIgniter->run()
#8 C:\Users\Bon cabe\Documents\pesanan\jimbo\TA\app\penjualan_HTSA_jimbo\vendor\codeigniter4\framework\system\Commands\Server\rewrite.php(34): require_once('C:\\Users\\Bon ca...')
#9 {main}
CRITICAL - 2021-03-13 14:37:39 --> Undefined variable: total_keranjang
#0 C:\Users\Bon cabe\Documents\pesanan\jimbo\TA\app\penjualan_HTSA_jimbo\app\Views\frontend\component\header.php(51): CodeIgniter\Debug\Exceptions->errorHandler(8, 'Undefined varia...', 'C:\\Users\\Bon ca...', 51, Array)
#1 C:\Users\Bon cabe\Documents\pesanan\jimbo\TA\app\penjualan_HTSA_jimbo\vendor\codeigniter4\framework\system\View\View.php(246): include('C:\\Users\\Bon ca...')
#2 C:\Users\Bon cabe\Documents\pesanan\jimbo\TA\app\penjualan_HTSA_jimbo\vendor\codeigniter4\framework\system\View\View.php(525): CodeIgniter\View\View->render('frontend/compon...', NULL, true)
#3 C:\Users\Bon cabe\Documents\pesanan\jimbo\TA\app\penjualan_HTSA_jimbo\app\Views\frontend\pages\produk_grid.php(4): CodeIgniter\View\View->include('frontend/compon...')
#4 C:\Users\Bon cabe\Documents\pesanan\jimbo\TA\app\penjualan_HTSA_jimbo\vendor\codeigniter4\framework\system\View\View.php(246): include('C:\\Users\\Bon ca...')
#5 C:\Users\Bon cabe\Documents\pesanan\jimbo\TA\app\penjualan_HTSA_jimbo\vendor\codeigniter4\framework\system\Common.php(1119): CodeIgniter\View\View->render('frontend/pages/...', Array, true)
#6 C:\Users\Bon cabe\Documents\pesanan\jimbo\TA\app\penjualan_HTSA_jimbo\app\Controllers\Produk.php(45): view('frontend/pages/...', Array)
#7 C:\Users\Bon cabe\Documents\pesanan\jimbo\TA\app\penjualan_HTSA_jimbo\vendor\codeigniter4\framework\system\CodeIgniter.php(918): App\Controllers\Produk->produk()
#8 C:\Users\Bon cabe\Documents\pesanan\jimbo\TA\app\penjualan_HTSA_jimbo\vendor\codeigniter4\framework\system\CodeIgniter.php(404): CodeIgniter\CodeIgniter->runController(Object(App\Controllers\Produk))
#9 C:\Users\Bon cabe\Documents\pesanan\jimbo\TA\app\penjualan_HTSA_jimbo\vendor\codeigniter4\framework\system\CodeIgniter.php(312): CodeIgniter\CodeIgniter->handleRequest(NULL, Object(Config\Cache), false)
#10 C:\Users\Bon cabe\Documents\pesanan\jimbo\TA\app\penjualan_HTSA_jimbo\public\index.php(45): CodeIgniter\CodeIgniter->run()
#11 C:\Users\Bon cabe\Documents\pesanan\jimbo\TA\app\penjualan_HTSA_jimbo\vendor\codeigniter4\framework\system\Commands\Server\rewrite.php(34): require_once('C:\\Users\\Bon ca...')
#12 {main}
CRITICAL - 2021-03-13 14:58:24 --> Undefined variable: total_keranjang
#0 C:\Users\Bon cabe\Documents\pesanan\jimbo\TA\app\penjualan_HTSA_jimbo\app\Views\frontend\component\header.php(51): CodeIgniter\Debug\Exceptions->errorHandler(8, 'Undefined varia...', 'C:\\Users\\Bon ca...', 51, Array)
#1 C:\Users\Bon cabe\Documents\pesanan\jimbo\TA\app\penjualan_HTSA_jimbo\vendor\codeigniter4\framework\system\View\View.php(246): include('C:\\Users\\Bon ca...')
#2 C:\Users\Bon cabe\Documents\pesanan\jimbo\TA\app\penjualan_HTSA_jimbo\vendor\codeigniter4\framework\system\View\View.php(525): CodeIgniter\View\View->render('frontend/compon...', NULL, true)
#3 C:\Users\Bon cabe\Documents\pesanan\jimbo\TA\app\penjualan_HTSA_jimbo\app\Views\frontend\pages\produk_grid.php(4): CodeIgniter\View\View->include('frontend/compon...')
#4 C:\Users\Bon cabe\Documents\pesanan\jimbo\TA\app\penjualan_HTSA_jimbo\vendor\codeigniter4\framework\system\View\View.php(246): include('C:\\Users\\Bon ca...')
#5 C:\Users\Bon cabe\Documents\pesanan\jimbo\TA\app\penjualan_HTSA_jimbo\vendor\codeigniter4\framework\system\Common.php(1119): CodeIgniter\View\View->render('frontend/pages/...', Array, true)
#6 C:\Users\Bon cabe\Documents\pesanan\jimbo\TA\app\penjualan_HTSA_jimbo\app\Controllers\Produk.php(45): view('frontend/pages/...', Array)
#7 C:\Users\Bon cabe\Documents\pesanan\jimbo\TA\app\penjualan_HTSA_jimbo\vendor\codeigniter4\framework\system\CodeIgniter.php(918): App\Controllers\Produk->produk()
#8 C:\Users\Bon cabe\Documents\pesanan\jimbo\TA\app\penjualan_HTSA_jimbo\vendor\codeigniter4\framework\system\CodeIgniter.php(404): CodeIgniter\CodeIgniter->runController(Object(App\Controllers\Produk))
#9 C:\Users\Bon cabe\Documents\pesanan\jimbo\TA\app\penjualan_HTSA_jimbo\vendor\codeigniter4\framework\system\CodeIgniter.php(312): CodeIgniter\CodeIgniter->handleRequest(NULL, Object(Config\Cache), false)
#10 C:\Users\Bon cabe\Documents\pesanan\jimbo\TA\app\penjualan_HTSA_jimbo\public\index.php(45): CodeIgniter\CodeIgniter->run()
#11 C:\Users\Bon cabe\Documents\pesanan\jimbo\TA\app\penjualan_HTSA_jimbo\vendor\codeigniter4\framework\system\Commands\Server\rewrite.php(34): require_once('C:\\Users\\Bon ca...')
#12 {main}
CRITICAL - 2021-03-13 15:17:11 --> Invalid file: backend/pages/produk.php
#0 C:\Users\Bon cabe\Documents\pesanan\jimbo\TA\app\penjualan_HTSA_jimbo\vendor\codeigniter4\framework\system\View\View.php(228): CodeIgniter\Exceptions\FrameworkException::forInvalidFile('backend/pages/p...')
#1 C:\Users\Bon cabe\Documents\pesanan\jimbo\TA\app\penjualan_HTSA_jimbo\vendor\codeigniter4\framework\system\Common.php(1119): CodeIgniter\View\View->render('backend/pages/p...', Array, true)
#2 C:\Users\Bon cabe\Documents\pesanan\jimbo\TA\app\penjualan_HTSA_jimbo\app\Controllers\backend\ProdukController.php(34): view('backend/pages/p...', Array)
#3 C:\Users\Bon cabe\Documents\pesanan\jimbo\TA\app\penjualan_HTSA_jimbo\vendor\codeigniter4\framework\system\CodeIgniter.php(918): App\Controllers\backend\ProdukController->index()
#4 C:\Users\Bon cabe\Documents\pesanan\jimbo\TA\app\penjualan_HTSA_jimbo\vendor\codeigniter4\framework\system\CodeIgniter.php(404): CodeIgniter\CodeIgniter->runController(Object(App\Controllers\backend\ProdukController))
#5 C:\Users\Bon cabe\Documents\pesanan\jimbo\TA\app\penjualan_HTSA_jimbo\vendor\codeigniter4\framework\system\CodeIgniter.php(312): CodeIgniter\CodeIgniter->handleRequest(NULL, Object(Config\Cache), false)
#6 C:\Users\Bon cabe\Documents\pesanan\jimbo\TA\app\penjualan_HTSA_jimbo\public\index.php(45): CodeIgniter\CodeIgniter->run()
#7 C:\Users\Bon cabe\Documents\pesanan\jimbo\TA\app\penjualan_HTSA_jimbo\vendor\codeigniter4\framework\system\Commands\Server\rewrite.php(34): require_once('C:\\Users\\Bon ca...')
#8 {main}
CRITICAL - 2021-03-13 15:23:44 --> Undefined variable: total_keranjang
#0 C:\Users\Bon cabe\Documents\pesanan\jimbo\TA\app\penjualan_HTSA_jimbo\app\Views\frontend\component\header.php(51): CodeIgniter\Debug\Exceptions->errorHandler(8, 'Undefined varia...', 'C:\\Users\\Bon ca...', 51, Array)
#1 C:\Users\Bon cabe\Documents\pesanan\jimbo\TA\app\penjualan_HTSA_jimbo\vendor\codeigniter4\framework\system\View\View.php(246): include('C:\\Users\\Bon ca...')
#2 C:\Users\Bon cabe\Documents\pesanan\jimbo\TA\app\penjualan_HTSA_jimbo\vendor\codeigniter4\framework\system\View\View.php(525): CodeIgniter\View\View->render('frontend/compon...', NULL, true)
#3 C:\Users\Bon cabe\Documents\pesanan\jimbo\TA\app\penjualan_HTSA_jimbo\app\Views\frontend\pages\produk_grid.php(4): CodeIgniter\View\View->include('frontend/compon...')
#4 C:\Users\Bon cabe\Documents\pesanan\jimbo\TA\app\penjualan_HTSA_jimbo\vendor\codeigniter4\framework\system\View\View.php(246): include('C:\\Users\\Bon ca...')
#5 C:\Users\Bon cabe\Documents\pesanan\jimbo\TA\app\penjualan_HTSA_jimbo\vendor\codeigniter4\framework\system\Common.php(1119): CodeIgniter\View\View->render('frontend/pages/...', Array, true)
#6 C:\Users\Bon cabe\Documents\pesanan\jimbo\TA\app\penjualan_HTSA_jimbo\app\Controllers\Produk.php(45): view('frontend/pages/...', Array)
#7 C:\Users\Bon cabe\Documents\pesanan\jimbo\TA\app\penjualan_HTSA_jimbo\vendor\codeigniter4\framework\system\CodeIgniter.php(918): App\Controllers\Produk->produk()
#8 C:\Users\Bon cabe\Documents\pesanan\jimbo\TA\app\penjualan_HTSA_jimbo\vendor\codeigniter4\framework\system\CodeIgniter.php(404): CodeIgniter\CodeIgniter->runController(Object(App\Controllers\Produk))
#9 C:\Users\Bon cabe\Documents\pesanan\jimbo\TA\app\penjualan_HTSA_jimbo\vendor\codeigniter4\framework\system\CodeIgniter.php(312): CodeIgniter\CodeIgniter->handleRequest(NULL, Object(Config\Cache), false)
#10 C:\Users\Bon cabe\Documents\pesanan\jimbo\TA\app\penjualan_HTSA_jimbo\public\index.php(45): CodeIgniter\CodeIgniter->run()
#11 C:\Users\Bon cabe\Documents\pesanan\jimbo\TA\app\penjualan_HTSA_jimbo\vendor\codeigniter4\framework\system\Commands\Server\rewrite.php(34): require_once('C:\\Users\\Bon ca...')
#12 {main}
CRITICAL - 2021-03-13 15:26:18 --> Undefined variable: total_keranjang
#0 C:\Users\Bon cabe\Documents\pesanan\jimbo\TA\app\penjualan_HTSA_jimbo\app\Views\frontend\component\header.php(51): CodeIgniter\Debug\Exceptions->errorHandler(8, 'Undefined varia...', 'C:\\Users\\Bon ca...', 51, Array)
#1 C:\Users\Bon cabe\Documents\pesanan\jimbo\TA\app\penjualan_HTSA_jimbo\vendor\codeigniter4\framework\system\View\View.php(246): include('C:\\Users\\Bon ca...')
#2 C:\Users\Bon cabe\Documents\pesanan\jimbo\TA\app\penjualan_HTSA_jimbo\vendor\codeigniter4\framework\system\View\View.php(525): CodeIgniter\View\View->render('frontend/compon...', NULL, true)
#3 C:\Users\Bon cabe\Documents\pesanan\jimbo\TA\app\penjualan_HTSA_jimbo\app\Views\frontend\pages\produk_grid.php(4): CodeIgniter\View\View->include('frontend/compon...')
#4 C:\Users\Bon cabe\Documents\pesanan\jimbo\TA\app\penjualan_HTSA_jimbo\vendor\codeigniter4\framework\system\View\View.php(246): include('C:\\Users\\Bon ca...')
#5 C:\Users\Bon cabe\Documents\pesanan\jimbo\TA\app\penjualan_HTSA_jimbo\vendor\codeigniter4\framework\system\Common.php(1119): CodeIgniter\View\View->render('frontend/pages/...', Array, true)
#6 C:\Users\Bon cabe\Documents\pesanan\jimbo\TA\app\penjualan_HTSA_jimbo\app\Controllers\Produk.php(45): view('frontend/pages/...', Array)
#7 C:\Users\Bon cabe\Documents\pesanan\jimbo\TA\app\penjualan_HTSA_jimbo\vendor\codeigniter4\framework\system\CodeIgniter.php(918): App\Controllers\Produk->produk()
#8 C:\Users\Bon cabe\Documents\pesanan\jimbo\TA\app\penjualan_HTSA_jimbo\vendor\codeigniter4\framework\system\CodeIgniter.php(404): CodeIgniter\CodeIgniter->runController(Object(App\Controllers\Produk))
#9 C:\Users\Bon cabe\Documents\pesanan\jimbo\TA\app\penjualan_HTSA_jimbo\vendor\codeigniter4\framework\system\CodeIgniter.php(312): CodeIgniter\CodeIgniter->handleRequest(NULL, Object(Config\Cache), false)
#10 C:\Users\Bon cabe\Documents\pesanan\jimbo\TA\app\penjualan_HTSA_jimbo\public\index.php(45): CodeIgniter\CodeIgniter->run()
#11 C:\Users\Bon cabe\Documents\pesanan\jimbo\TA\app\penjualan_HTSA_jimbo\vendor\codeigniter4\framework\system\Commands\Server\rewrite.php(34): require_once('C:\\Users\\Bon ca...')
#12 {main}
CRITICAL - 2021-03-13 15:33:48 --> Undefined offset: 1
#0 C:\Users\Bon cabe\Documents\pesanan\jimbo\TA\app\penjualan_HTSA_jimbo\vendor\codeigniter4\framework\system\Router\Router.php(488): CodeIgniter\Debug\Exceptions->errorHandler(8, 'Undefined offse...', 'C:\\Users\\Bon ca...', 488, Array)
#1 C:\Users\Bon cabe\Documents\pesanan\jimbo\TA\app\penjualan_HTSA_jimbo\vendor\codeigniter4\framework\system\Router\Router.php(177): CodeIgniter\Router\Router->checkRoutes('user')
#2 C:\Users\Bon cabe\Documents\pesanan\jimbo\TA\app\penjualan_HTSA_jimbo\vendor\codeigniter4\framework\system\CodeIgniter.php(793): CodeIgniter\Router\Router->handle('user')
#3 C:\Users\Bon cabe\Documents\pesanan\jimbo\TA\app\penjualan_HTSA_jimbo\vendor\codeigniter4\framework\system\CodeIgniter.php(364): CodeIgniter\CodeIgniter->tryToRouteIt(Object(CodeIgniter\Router\RouteCollection))
#4 C:\Users\Bon cabe\Documents\pesanan\jimbo\TA\app\penjualan_HTSA_jimbo\vendor\codeigniter4\framework\system\CodeIgniter.php(312): CodeIgniter\CodeIgniter->handleRequest(NULL, Object(Config\Cache), false)
#5 C:\Users\Bon cabe\Documents\pesanan\jimbo\TA\app\penjualan_HTSA_jimbo\public\index.php(45): CodeIgniter\CodeIgniter->run()
#6 C:\Users\Bon cabe\Documents\pesanan\jimbo\TA\app\penjualan_HTSA_jimbo\vendor\codeigniter4\framework\system\Commands\Server\rewrite.php(34): require_once('C:\\Users\\Bon ca...')
#7 {main}
CRITICAL - 2021-03-13 15:37:08 --> Undefined offset: 1
#0 C:\Users\Bon cabe\Documents\pesanan\jimbo\TA\app\penjualan_HTSA_jimbo\vendor\codeigniter4\framework\system\Router\Router.php(488): CodeIgniter\Debug\Exceptions->errorHandler(8, 'Undefined offse...', 'C:\\Users\\Bon ca...', 488, Array)
#1 C:\Users\Bon cabe\Documents\pesanan\jimbo\TA\app\penjualan_HTSA_jimbo\vendor\codeigniter4\framework\system\Router\Router.php(177): CodeIgniter\Router\Router->checkRoutes('user')
#2 C:\Users\Bon cabe\Documents\pesanan\jimbo\TA\app\penjualan_HTSA_jimbo\vendor\codeigniter4\framework\system\CodeIgniter.php(793): CodeIgniter\Router\Router->handle('user')
#3 C:\Users\Bon cabe\Documents\pesanan\jimbo\TA\app\penjualan_HTSA_jimbo\vendor\codeigniter4\framework\system\CodeIgniter.php(364): CodeIgniter\CodeIgniter->tryToRouteIt(Object(CodeIgniter\Router\RouteCollection))
#4 C:\Users\Bon cabe\Documents\pesanan\jimbo\TA\app\penjualan_HTSA_jimbo\vendor\codeigniter4\framework\system\CodeIgniter.php(312): CodeIgniter\CodeIgniter->handleRequest(NULL, Object(Config\Cache), false)
#5 C:\Users\Bon cabe\Documents\pesanan\jimbo\TA\app\penjualan_HTSA_jimbo\public\index.php(45): CodeIgniter\CodeIgniter->run()
#6 C:\Users\Bon cabe\Documents\pesanan\jimbo\TA\app\penjualan_HTSA_jimbo\vendor\codeigniter4\framework\system\Commands\Server\rewrite.php(34): require_once('C:\\Users\\Bon ca...')
#7 {main}
CRITICAL - 2021-03-13 15:41:54 --> syntax error, unexpected end of file
#0 C:\Users\Bon cabe\Documents\pesanan\jimbo\TA\app\penjualan_HTSA_jimbo\vendor\codeigniter4\framework\system\Common.php(1119): CodeIgniter\View\View->render('backend/pages/u...', Array, true)
#1 C:\Users\Bon cabe\Documents\pesanan\jimbo\TA\app\penjualan_HTSA_jimbo\app\Controllers\backend\userController.php(27): view('backend/pages/u...', Array)
#2 C:\Users\Bon cabe\Documents\pesanan\jimbo\TA\app\penjualan_HTSA_jimbo\vendor\codeigniter4\framework\system\CodeIgniter.php(918): App\Controllers\backend\userController->index()
#3 C:\Users\Bon cabe\Documents\pesanan\jimbo\TA\app\penjualan_HTSA_jimbo\vendor\codeigniter4\framework\system\CodeIgniter.php(404): CodeIgniter\CodeIgniter->runController(Object(App\Controllers\backend\userController))
#4 C:\Users\Bon cabe\Documents\pesanan\jimbo\TA\app\penjualan_HTSA_jimbo\vendor\codeigniter4\framework\system\CodeIgniter.php(312): CodeIgniter\CodeIgniter->handleRequest(NULL, Object(Config\Cache), false)
#5 C:\Users\Bon cabe\Documents\pesanan\jimbo\TA\app\penjualan_HTSA_jimbo\public\index.php(45): CodeIgniter\CodeIgniter->run()
#6 C:\Users\Bon cabe\Documents\pesanan\jimbo\TA\app\penjualan_HTSA_jimbo\vendor\codeigniter4\framework\system\Commands\Server\rewrite.php(34): require_once('C:\\Users\\Bon ca...')
#7 {main}
CRITICAL - 2021-03-13 16:02:00 --> Allowed fields must be specified for model: App\Models\UserModel
#0 C:\Users\Bon cabe\Documents\pesanan\jimbo\TA\app\penjualan_HTSA_jimbo\vendor\codeigniter4\framework\system\Model.php(1265): CodeIgniter\Database\Exceptions\DataException::forInvalidAllowedFields('App\\Models\\User...')
#1 C:\Users\Bon cabe\Documents\pesanan\jimbo\TA\app\penjualan_HTSA_jimbo\vendor\codeigniter4\framework\system\Model.php(735): CodeIgniter\Model->doProtectFields(Array)
#2 C:\Users\Bon cabe\Documents\pesanan\jimbo\TA\app\penjualan_HTSA_jimbo\app\Models\UserModel.php(30): CodeIgniter\Model->insert(Array)
#3 C:\Users\Bon cabe\Documents\pesanan\jimbo\TA\app\penjualan_HTSA_jimbo\app\Controllers\backend\userController.php(55): App\Models\UserModel->tambah(Array)
#4 C:\Users\Bon cabe\Documents\pesanan\jimbo\TA\app\penjualan_HTSA_jimbo\vendor\codeigniter4\framework\system\CodeIgniter.php(918): App\Controllers\backend\userController->simpan()
#5 C:\Users\Bon cabe\Documents\pesanan\jimbo\TA\app\penjualan_HTSA_jimbo\vendor\codeigniter4\framework\system\CodeIgniter.php(404): CodeIgniter\CodeIgniter->runController(Object(App\Controllers\backend\userController))
#6 C:\Users\Bon cabe\Documents\pesanan\jimbo\TA\app\penjualan_HTSA_jimbo\vendor\codeigniter4\framework\system\CodeIgniter.php(312): CodeIgniter\CodeIgniter->handleRequest(NULL, Object(Config\Cache), false)
#7 C:\Users\Bon cabe\Documents\pesanan\jimbo\TA\app\penjualan_HTSA_jimbo\public\index.php(45): CodeIgniter\CodeIgniter->run()
#8 C:\Users\Bon cabe\Documents\pesanan\jimbo\TA\app\penjualan_HTSA_jimbo\vendor\codeigniter4\framework\system\Commands\Server\rewrite.php(34): require_once('C:\\Users\\Bon ca...')
#9 {main}
CRITICAL - 2021-03-13 16:12:21 --> Duplicate entry 'User-0321-0-1' for key 'PRIMARY'
#0 C:\Users\Bon cabe\Documents\pesanan\jimbo\TA\app\penjualan_HTSA_jimbo\vendor\codeigniter4\framework\system\Database\MySQLi\Connection.php(331): mysqli->query('INSERT INTO `us...')
#1 C:\Users\Bon cabe\Documents\pesanan\jimbo\TA\app\penjualan_HTSA_jimbo\vendor\codeigniter4\framework\system\Database\BaseConnection.php(741): CodeIgniter\Database\MySQLi\Connection->execute('INSERT INTO `us...')
#2 C:\Users\Bon cabe\Documents\pesanan\jimbo\TA\app\penjualan_HTSA_jimbo\vendor\codeigniter4\framework\system\Database\BaseConnection.php(669): CodeIgniter\Database\BaseConnection->simpleQuery('INSERT INTO `us...')
#3 C:\Users\Bon cabe\Documents\pesanan\jimbo\TA\app\penjualan_HTSA_jimbo\vendor\codeigniter4\framework\system\Database\BaseBuilder.php(2249): CodeIgniter\Database\BaseConnection->query('INSERT INTO `us...', Array, false)
#4 C:\Users\Bon cabe\Documents\pesanan\jimbo\TA\app\penjualan_HTSA_jimbo\app\Models\UserModel.php(60): CodeIgniter\Database\BaseBuilder->insert(Array)
#5 C:\Users\Bon cabe\Documents\pesanan\jimbo\TA\app\penjualan_HTSA_jimbo\app\Controllers\backend\userController.php(66): App\Models\UserModel->ubah(Array)
#6 C:\Users\Bon cabe\Documents\pesanan\jimbo\TA\app\penjualan_HTSA_jimbo\vendor\codeigniter4\framework\system\CodeIgniter.php(918): App\Controllers\backend\userController->ubah('User-0321-0-1')
#7 C:\Users\Bon cabe\Documents\pesanan\jimbo\TA\app\penjualan_HTSA_jimbo\vendor\codeigniter4\framework\system\CodeIgniter.php(404): CodeIgniter\CodeIgniter->runController(Object(App\Controllers\backend\userController))
#8 C:\Users\Bon cabe\Documents\pesanan\jimbo\TA\app\penjualan_HTSA_jimbo\vendor\codeigniter4\framework\system\CodeIgniter.php(312): CodeIgniter\CodeIgniter->handleRequest(NULL, Object(Config\Cache), false)
#9 C:\Users\Bon cabe\Documents\pesanan\jimbo\TA\app\penjualan_HTSA_jimbo\public\index.php(45): CodeIgniter\CodeIgniter->run()
#10 C:\Users\Bon cabe\Documents\pesanan\jimbo\TA\app\penjualan_HTSA_jimbo\vendor\codeigniter4\framework\system\Commands\Server\rewrite.php(34): require_once('C:\\Users\\Bon ca...')
#11 {main}
CRITICAL - 2021-03-13 16:14:18 --> Unknown column 'id' in 'where clause'
#0 C:\Users\Bon cabe\Documents\pesanan\jimbo\TA\app\penjualan_HTSA_jimbo\vendor\codeigniter4\framework\system\Database\MySQLi\Connection.php(331): mysqli->query('DELETE FROM `us...')
#1 C:\Users\Bon cabe\Documents\pesanan\jimbo\TA\app\penjualan_HTSA_jimbo\vendor\codeigniter4\framework\system\Database\BaseConnection.php(741): CodeIgniter\Database\MySQLi\Connection->execute('DELETE FROM `us...')
#2 C:\Users\Bon cabe\Documents\pesanan\jimbo\TA\app\penjualan_HTSA_jimbo\vendor\codeigniter4\framework\system\Database\BaseConnection.php(669): CodeIgniter\Database\BaseConnection->simpleQuery('DELETE FROM `us...')
#3 C:\Users\Bon cabe\Documents\pesanan\jimbo\TA\app\penjualan_HTSA_jimbo\vendor\codeigniter4\framework\system\Database\BaseBuilder.php(2853): CodeIgniter\Database\BaseConnection->query('DELETE FROM `us...', Array, false)
#4 C:\Users\Bon cabe\Documents\pesanan\jimbo\TA\app\penjualan_HTSA_jimbo\vendor\codeigniter4\framework\system\Model.php(977): CodeIgniter\Database\BaseBuilder->delete()
#5 C:\Users\Bon cabe\Documents\pesanan\jimbo\TA\app\penjualan_HTSA_jimbo\app\Controllers\backend\userController.php(73): CodeIgniter\Model->delete(Array)
#6 C:\Users\Bon cabe\Documents\pesanan\jimbo\TA\app\penjualan_HTSA_jimbo\vendor\codeigniter4\framework\system\CodeIgniter.php(918): App\Controllers\backend\userController->hapus('User-0321-0-1')
#7 C:\Users\Bon cabe\Documents\pesanan\jimbo\TA\app\penjualan_HTSA_jimbo\vendor\codeigniter4\framework\system\CodeIgniter.php(404): CodeIgniter\CodeIgniter->runController(Object(App\Controllers\backend\userController))
#8 C:\Users\Bon cabe\Documents\pesanan\jimbo\TA\app\penjualan_HTSA_jimbo\vendor\codeigniter4\framework\system\CodeIgniter.php(312): CodeIgniter\CodeIgniter->handleRequest(NULL, Object(Config\Cache), false)
#9 C:\Users\Bon cabe\Documents\pesanan\jimbo\TA\app\penjualan_HTSA_jimbo\public\index.php(45): CodeIgniter\CodeIgniter->run()
#10 C:\Users\Bon cabe\Documents\pesanan\jimbo\TA\app\penjualan_HTSA_jimbo\vendor\codeigniter4\framework\system\Commands\Server\rewrite.php(34): require_once('C:\\Users\\Bon ca...')
#11 {main}
CRITICAL - 2021-03-13 16:31:44 --> Trying to access array offset on value of type null
#0 C:\Users\Bon cabe\Documents\pesanan\jimbo\TA\app\penjualan_HTSA_jimbo\app\Views\frontend\pages\detail.php(12): CodeIgniter\Debug\Exceptions->errorHandler(8, 'Trying to acces...', 'C:\\Users\\Bon ca...', 12, Array)
#1 C:\Users\Bon cabe\Documents\pesanan\jimbo\TA\app\penjualan_HTSA_jimbo\vendor\codeigniter4\framework\system\View\View.php(246): include('C:\\Users\\Bon ca...')
#2 C:\Users\Bon cabe\Documents\pesanan\jimbo\TA\app\penjualan_HTSA_jimbo\vendor\codeigniter4\framework\system\Common.php(1119): CodeIgniter\View\View->render('frontend/pages/...', Array, true)
#3 C:\Users\Bon cabe\Documents\pesanan\jimbo\TA\app\penjualan_HTSA_jimbo\app\Controllers\Produk.php(31): view('frontend/pages/...', Array)
#4 C:\Users\Bon cabe\Documents\pesanan\jimbo\TA\app\penjualan_HTSA_jimbo\vendor\codeigniter4\framework\system\CodeIgniter.php(918): App\Controllers\Produk->index('backend', 'dist', 'css', 'adminlte.min.cs...')
#5 C:\Users\Bon cabe\Documents\pesanan\jimbo\TA\app\penjualan_HTSA_jimbo\vendor\codeigniter4\framework\system\CodeIgniter.php(404): CodeIgniter\CodeIgniter->runController(Object(App\Controllers\Produk))
#6 C:\Users\Bon cabe\Documents\pesanan\jimbo\TA\app\penjualan_HTSA_jimbo\vendor\codeigniter4\framework\system\CodeIgniter.php(312): CodeIgniter\CodeIgniter->handleRequest(NULL, Object(Config\Cache), false)
#7 C:\Users\Bon cabe\Documents\pesanan\jimbo\TA\app\penjualan_HTSA_jimbo\public\index.php(45): CodeIgniter\CodeIgniter->run()
#8 C:\Users\Bon cabe\Documents\pesanan\jimbo\TA\app\penjualan_HTSA_jimbo\vendor\codeigniter4\framework\system\Commands\Server\rewrite.php(34): require_once('C:\\Users\\Bon ca...')
#9 {main}
CRITICAL - 2021-03-13 16:31:44 --> Trying to access array offset on value of type null
#0 C:\Users\Bon cabe\Documents\pesanan\jimbo\TA\app\penjualan_HTSA_jimbo\app\Views\frontend\pages\detail.php(12): CodeIgniter\Debug\Exceptions->errorHandler(8, 'Trying to acces...', 'C:\\Users\\Bon ca...', 12, Array)
#1 C:\Users\Bon cabe\Documents\pesanan\jimbo\TA\app\penjualan_HTSA_jimbo\vendor\codeigniter4\framework\system\View\View.php(246): include('C:\\Users\\Bon ca...')
#2 C:\Users\Bon cabe\Documents\pesanan\jimbo\TA\app\penjualan_HTSA_jimbo\vendor\codeigniter4\framework\system\Common.php(1119): CodeIgniter\View\View->render('frontend/pages/...', Array, true)
#3 C:\Users\Bon cabe\Documents\pesanan\jimbo\TA\app\penjualan_HTSA_jimbo\app\Controllers\Produk.php(31): view('frontend/pages/...', Array)
#4 C:\Users\Bon cabe\Documents\pesanan\jimbo\TA\app\penjualan_HTSA_jimbo\vendor\codeigniter4\framework\system\CodeIgniter.php(918): App\Controllers\Produk->index('backend', 'plugins', 'fontawesome-fre...', 'css', 'all.min.css')
#5 C:\Users\Bon cabe\Documents\pesanan\jimbo\TA\app\penjualan_HTSA_jimbo\vendor\codeigniter4\framework\system\CodeIgniter.php(404): CodeIgniter\CodeIgniter->runController(Object(App\Controllers\Produk))
#6 C:\Users\Bon cabe\Documents\pesanan\jimbo\TA\app\penjualan_HTSA_jimbo\vendor\codeigniter4\framework\system\CodeIgniter.php(312): CodeIgniter\CodeIgniter->handleRequest(NULL, Object(Config\Cache), false)
#7 C:\Users\Bon cabe\Documents\pesanan\jimbo\TA\app\penjualan_HTSA_jimbo\public\index.php(45): CodeIgniter\CodeIgniter->run()
#8 C:\Users\Bon cabe\Documents\pesanan\jimbo\TA\app\penjualan_HTSA_jimbo\vendor\codeigniter4\framework\system\Commands\Server\rewrite.php(34): require_once('C:\\Users\\Bon ca...')
#9 {main}
CRITICAL - 2021-03-13 16:31:44 --> Trying to access array offset on value of type null
#0 C:\Users\Bon cabe\Documents\pesanan\jimbo\TA\app\penjualan_HTSA_jimbo\app\Views\frontend\pages\detail.php(12): CodeIgniter\Debug\Exceptions->errorHandler(8, 'Trying to acces...', 'C:\\Users\\Bon ca...', 12, Array)
#1 C:\Users\Bon cabe\Documents\pesanan\jimbo\TA\app\penjualan_HTSA_jimbo\vendor\codeigniter4\framework\system\View\View.php(246): include('C:\\Users\\Bon ca...')
#2 C:\Users\Bon cabe\Documents\pesanan\jimbo\TA\app\penjualan_HTSA_jimbo\vendor\codeigniter4\framework\system\Common.php(1119): CodeIgniter\View\View->render('frontend/pages/...', Array, true)
#3 C:\Users\Bon cabe\Documents\pesanan\jimbo\TA\app\penjualan_HTSA_jimbo\app\Controllers\Produk.php(31): view('frontend/pages/...', Array)
#4 C:\Users\Bon cabe\Documents\pesanan\jimbo\TA\app\penjualan_HTSA_jimbo\vendor\codeigniter4\framework\system\CodeIgniter.php(918): App\Controllers\Produk->index('backend', 'plugins', 'bootstrap', 'js', 'bootstrap.bundl...')
#5 C:\Users\Bon cabe\Documents\pesanan\jimbo\TA\app\penjualan_HTSA_jimbo\vendor\codeigniter4\framework\system\CodeIgniter.php(404): CodeIgniter\CodeIgniter->runController(Object(App\Controllers\Produk))
#6 C:\Users\Bon cabe\Documents\pesanan\jimbo\TA\app\penjualan_HTSA_jimbo\vendor\codeigniter4\framework\system\CodeIgniter.php(312): CodeIgniter\CodeIgniter->handleRequest(NULL, Object(Config\Cache), false)
#7 C:\Users\Bon cabe\Documents\pesanan\jimbo\TA\app\penjualan_HTSA_jimbo\public\index.php(45): CodeIgniter\CodeIgniter->run()
#8 C:\Users\Bon cabe\Documents\pesanan\jimbo\TA\app\penjualan_HTSA_jimbo\vendor\codeigniter4\framework\system\Commands\Server\rewrite.php(34): require_once('C:\\Users\\Bon ca...')
#9 {main}
CRITICAL - 2021-03-13 16:31:44 --> Trying to access array offset on value of type null
#0 C:\Users\Bon cabe\Documents\pesanan\jimbo\TA\app\penjualan_HTSA_jimbo\app\Views\frontend\pages\detail.php(12): CodeIgniter\Debug\Exceptions->errorHandler(8, 'Trying to acces...', 'C:\\Users\\Bon ca...', 12, Array)
#1 C:\Users\Bon cabe\Documents\pesanan\jimbo\TA\app\penjualan_HTSA_jimbo\vendor\codeigniter4\framework\system\View\View.php(246): include('C:\\Users\\Bon ca...')
#2 C:\Users\Bon cabe\Documents\pesanan\jimbo\TA\app\penjualan_HTSA_jimbo\vendor\codeigniter4\framework\system\Common.php(1119): CodeIgniter\View\View->render('frontend/pages/...', Array, true)
#3 C:\Users\Bon cabe\Documents\pesanan\jimbo\TA\app\penjualan_HTSA_jimbo\app\Controllers\Produk.php(31): view('frontend/pages/...', Array)
#4 C:\Users\Bon cabe\Documents\pesanan\jimbo\TA\app\penjualan_HTSA_jimbo\vendor\codeigniter4\framework\system\CodeIgniter.php(918): App\Controllers\Produk->index('backend', 'dist', 'js', 'adminlte.min.js')
#5 C:\Users\Bon cabe\Documents\pesanan\jimbo\TA\app\penjualan_HTSA_jimbo\vendor\codeigniter4\framework\system\CodeIgniter.php(404): CodeIgniter\CodeIgniter->runController(Object(App\Controllers\Produk))
#6 C:\Users\Bon cabe\Documents\pesanan\jimbo\TA\app\penjualan_HTSA_jimbo\vendor\codeigniter4\framework\system\CodeIgniter.php(312): CodeIgniter\CodeIgniter->handleRequest(NULL, Object(Config\Cache), false)
#7 C:\Users\Bon cabe\Documents\pesanan\jimbo\TA\app\penjualan_HTSA_jimbo\public\index.php(45): CodeIgniter\CodeIgniter->run()
#8 C:\Users\Bon cabe\Documents\pesanan\jimbo\TA\app\penjualan_HTSA_jimbo\vendor\codeigniter4\framework\system\Commands\Server\rewrite.php(34): require_once('C:\\Users\\Bon ca...')
#9 {main}
CRITICAL - 2021-03-13 16:31:45 --> Trying to access array offset on value of type null
#0 C:\Users\Bon cabe\Documents\pesanan\jimbo\TA\app\penjualan_HTSA_jimbo\app\Views\frontend\pages\detail.php(12): CodeIgniter\Debug\Exceptions->errorHandler(8, 'Trying to acces...', 'C:\\Users\\Bon ca...', 12, Array)
#1 C:\Users\Bon cabe\Documents\pesanan\jimbo\TA\app\penjualan_HTSA_jimbo\vendor\codeigniter4\framework\system\View\View.php(246): include('C:\\Users\\Bon ca...')
#2 C:\Users\Bon cabe\Documents\pesanan\jimbo\TA\app\penjualan_HTSA_jimbo\vendor\codeigniter4\framework\system\Common.php(1119): CodeIgniter\View\View->render('frontend/pages/...', Array, true)
#3 C:\Users\Bon cabe\Documents\pesanan\jimbo\TA\app\penjualan_HTSA_jimbo\app\Controllers\Produk.php(31): view('frontend/pages/...', Array)
#4 C:\Users\Bon cabe\Documents\pesanan\jimbo\TA\app\penjualan_HTSA_jimbo\vendor\codeigniter4\framework\system\CodeIgniter.php(918): App\Controllers\Produk->index('backend', 'dist', 'js', 'demo.js')
#5 C:\Users\Bon cabe\Documents\pesanan\jimbo\TA\app\penjualan_HTSA_jimbo\vendor\codeigniter4\framework\system\CodeIgniter.php(404): CodeIgniter\CodeIgniter->runController(Object(App\Controllers\Produk))
#6 C:\Users\Bon cabe\Documents\pesanan\jimbo\TA\app\penjualan_HTSA_jimbo\vendor\codeigniter4\framework\system\CodeIgniter.php(312): CodeIgniter\CodeIgniter->handleRequest(NULL, Object(Config\Cache), false)
#7 C:\Users\Bon cabe\Documents\pesanan\jimbo\TA\app\penjualan_HTSA_jimbo\public\index.php(45): CodeIgniter\CodeIgniter->run()
#8 C:\Users\Bon cabe\Documents\pesanan\jimbo\TA\app\penjualan_HTSA_jimbo\vendor\codeigniter4\framework\system\Commands\Server\rewrite.php(34): require_once('C:\\Users\\Bon ca...')
#9 {main}
CRITICAL - 2021-03-13 16:31:45 --> Trying to access array offset on value of type null
#0 C:\Users\Bon cabe\Documents\pesanan\jimbo\TA\app\penjualan_HTSA_jimbo\app\Views\frontend\pages\detail.php(12): CodeIgniter\Debug\Exceptions->errorHandler(8, 'Trying to acces...', 'C:\\Users\\Bon ca...', 12, Array)
#1 C:\Users\Bon cabe\Documents\pesanan\jimbo\TA\app\penjualan_HTSA_jimbo\vendor\codeigniter4\framework\system\View\View.php(246): include('C:\\Users\\Bon ca...')
#2 C:\Users\Bon cabe\Documents\pesanan\jimbo\TA\app\penjualan_HTSA_jimbo\vendor\codeigniter4\framework\system\Common.php(1119): CodeIgniter\View\View->render('frontend/pages/...', Array, true)
#3 C:\Users\Bon cabe\Documents\pesanan\jimbo\TA\app\penjualan_HTSA_jimbo\app\Controllers\Produk.php(31): view('frontend/pages/...', Array)
#4 C:\Users\Bon cabe\Documents\pesanan\jimbo\TA\app\penjualan_HTSA_jimbo\vendor\codeigniter4\framework\system\CodeIgniter.php(918): App\Controllers\Produk->index('frontend', 'img', 'logo.png')
#5 C:\Users\Bon cabe\Documents\pesanan\jimbo\TA\app\penjualan_HTSA_jimbo\vendor\codeigniter4\framework\system\CodeIgniter.php(404): CodeIgniter\CodeIgniter->runController(Object(App\Controllers\Produk))
#6 C:\Users\Bon cabe\Documents\pesanan\jimbo\TA\app\penjualan_HTSA_jimbo\vendor\codeigniter4\framework\system\CodeIgniter.php(312): CodeIgniter\CodeIgniter->handleRequest(NULL, Object(Config\Cache), false)
#7 C:\Users\Bon cabe\Documents\pesanan\jimbo\TA\app\penjualan_HTSA_jimbo\public\index.php(45): CodeIgniter\CodeIgniter->run()
#8 C:\Users\Bon cabe\Documents\pesanan\jimbo\TA\app\penjualan_HTSA_jimbo\vendor\codeigniter4\framework\system\Commands\Server\rewrite.php(34): require_once('C:\\Users\\Bon ca...')
#9 {main}
CRITICAL - 2021-03-13 16:31:45 --> Trying to access array offset on value of type null
#0 C:\Users\Bon cabe\Documents\pesanan\jimbo\TA\app\penjualan_HTSA_jimbo\app\Views\frontend\pages\detail.php(12): CodeIgniter\Debug\Exceptions->errorHandler(8, 'Trying to acces...', 'C:\\Users\\Bon ca...', 12, Array)
#1 C:\Users\Bon cabe\Documents\pesanan\jimbo\TA\app\penjualan_HTSA_jimbo\vendor\codeigniter4\framework\system\View\View.php(246): include('C:\\Users\\Bon ca...')
#2 C:\Users\Bon cabe\Documents\pesanan\jimbo\TA\app\penjualan_HTSA_jimbo\vendor\codeigniter4\framework\system\Common.php(1119): CodeIgniter\View\View->render('frontend/pages/...', Array, true)
#3 C:\Users\Bon cabe\Documents\pesanan\jimbo\TA\app\penjualan_HTSA_jimbo\app\Controllers\Produk.php(31): view('frontend/pages/...', Array)
#4 C:\Users\Bon cabe\Documents\pesanan\jimbo\TA\app\penjualan_HTSA_jimbo\vendor\codeigniter4\framework\system\CodeIgniter.php(918): App\Controllers\Produk->index('backend', 'plugins', 'bootstrap', 'js', 'bootstrap.bundl...')
#5 C:\Users\Bon cabe\Documents\pesanan\jimbo\TA\app\penjualan_HTSA_jimbo\vendor\codeigniter4\framework\system\CodeIgniter.php(404): CodeIgniter\CodeIgniter->runController(Object(App\Controllers\Produk))
#6 C:\Users\Bon cabe\Documents\pesanan\jimbo\TA\app\penjualan_HTSA_jimbo\vendor\codeigniter4\framework\system\CodeIgniter.php(312): CodeIgniter\CodeIgniter->handleRequest(NULL, Object(Config\Cache), false)
#7 C:\Users\Bon cabe\Documents\pesanan\jimbo\TA\app\penjualan_HTSA_jimbo\public\index.php(45): CodeIgniter\CodeIgniter->run()
#8 C:\Users\Bon cabe\Documents\pesanan\jimbo\TA\app\penjualan_HTSA_jimbo\vendor\codeigniter4\framework\system\Commands\Server\rewrite.php(34): require_once('C:\\Users\\Bon ca...')
#9 {main}
CRITICAL - 2021-03-13 16:31:45 --> Trying to access array offset on value of type null
#0 C:\Users\Bon cabe\Documents\pesanan\jimbo\TA\app\penjualan_HTSA_jimbo\app\Views\frontend\pages\detail.php(12): CodeIgniter\Debug\Exceptions->errorHandler(8, 'Trying to acces...', 'C:\\Users\\Bon ca...', 12, Array)
#1 C:\Users\Bon cabe\Documents\pesanan\jimbo\TA\app\penjualan_HTSA_jimbo\vendor\codeigniter4\framework\system\View\View.php(246): include('C:\\Users\\Bon ca...')
#2 C:\Users\Bon cabe\Documents\pesanan\jimbo\TA\app\penjualan_HTSA_jimbo\vendor\codeigniter4\framework\system\Common.php(1119): CodeIgniter\View\View->render('frontend/pages/...', Array, true)
#3 C:\Users\Bon cabe\Documents\pesanan\jimbo\TA\app\penjualan_HTSA_jimbo\app\Controllers\Produk.php(31): view('frontend/pages/...', Array)
#4 C:\Users\Bon cabe\Documents\pesanan\jimbo\TA\app\penjualan_HTSA_jimbo\vendor\codeigniter4\framework\system\CodeIgniter.php(918): App\Controllers\Produk->index('backend', 'dist', 'js', 'adminlte.min.js')
#5 C:\Users\Bon cabe\Documents\pesanan\jimbo\TA\app\penjualan_HTSA_jimbo\vendor\codeigniter4\framework\system\CodeIgniter.php(404): CodeIgniter\CodeIgniter->runController(Object(App\Controllers\Produk))
#6 C:\Users\Bon cabe\Documents\pesanan\jimbo\TA\app\penjualan_HTSA_jimbo\vendor\codeigniter4\framework\system\CodeIgniter.php(312): CodeIgniter\CodeIgniter->handleRequest(NULL, Object(Config\Cache), false)
#7 C:\Users\Bon cabe\Documents\pesanan\jimbo\TA\app\penjualan_HTSA_jimbo\public\index.php(45): CodeIgniter\CodeIgniter->run()
#8 C:\Users\Bon cabe\Documents\pesanan\jimbo\TA\app\penjualan_HTSA_jimbo\vendor\codeigniter4\framework\system\Commands\Server\rewrite.php(34): require_once('C:\\Users\\Bon ca...')
#9 {main}
CRITICAL - 2021-03-13 16:31:45 --> Trying to access array offset on value of type null
#0 C:\Users\Bon cabe\Documents\pesanan\jimbo\TA\app\penjualan_HTSA_jimbo\app\Views\frontend\pages\detail.php(12): CodeIgniter\Debug\Exceptions->errorHandler(8, 'Trying to acces...', 'C:\\Users\\Bon ca...', 12, Array)
#1 C:\Users\Bon cabe\Documents\pesanan\jimbo\TA\app\penjualan_HTSA_jimbo\vendor\codeigniter4\framework\system\View\View.php(246): include('C:\\Users\\Bon ca...')
#2 C:\Users\Bon cabe\Documents\pesanan\jimbo\TA\app\penjualan_HTSA_jimbo\vendor\codeigniter4\framework\system\Common.php(1119): CodeIgniter\View\View->render('frontend/pages/...', Array, true)
#3 C:\Users\Bon cabe\Documents\pesanan\jimbo\TA\app\penjualan_HTSA_jimbo\app\Controllers\Produk.php(31): view('frontend/pages/...', Array)
#4 C:\Users\Bon cabe\Documents\pesanan\jimbo\TA\app\penjualan_HTSA_jimbo\vendor\codeigniter4\framework\system\CodeIgniter.php(918): App\Controllers\Produk->index('backend', 'dist', 'js', 'demo.js')
#5 C:\Users\Bon cabe\Documents\pesanan\jimbo\TA\app\penjualan_HTSA_jimbo\vendor\codeigniter4\framework\system\CodeIgniter.php(404): CodeIgniter\CodeIgniter->runController(Object(App\Controllers\Produk))
#6 C:\Users\Bon cabe\Documents\pesanan\jimbo\TA\app\penjualan_HTSA_jimbo\vendor\codeigniter4\framework\system\CodeIgniter.php(312): CodeIgniter\CodeIgniter->handleRequest(NULL, Object(Config\Cache), false)
#7 C:\Users\Bon cabe\Documents\pesanan\jimbo\TA\app\penjualan_HTSA_jimbo\public\index.php(45): CodeIgniter\CodeIgniter->run()
#8 C:\Users\Bon cabe\Documents\pesanan\jimbo\TA\app\penjualan_HTSA_jimbo\vendor\codeigniter4\framework\system\Commands\Server\rewrite.php(34): require_once('C:\\Users\\Bon ca...')
#9 {main}
CRITICAL - 2021-03-13 16:35:32 --> Invalid file: backend/pages/pesanan.php
#0 C:\Users\Bon cabe\Documents\pesanan\jimbo\TA\app\penjualan_HTSA_jimbo\vendor\codeigniter4\framework\system\View\View.php(228): CodeIgniter\Exceptions\FrameworkException::forInvalidFile('backend/pages/p...')
#1 C:\Users\Bon cabe\Documents\pesanan\jimbo\TA\app\penjualan_HTSA_jimbo\vendor\codeigniter4\framework\system\Common.php(1119): CodeIgniter\View\View->render('backend/pages/p...', Array, true)
#2 C:\Users\Bon cabe\Documents\pesanan\jimbo\TA\app\penjualan_HTSA_jimbo\app\Controllers\backend\PesananController.php(23): view('backend/pages/p...', Array)
#3 C:\Users\Bon cabe\Documents\pesanan\jimbo\TA\app\penjualan_HTSA_jimbo\vendor\codeigniter4\framework\system\CodeIgniter.php(918): App\Controllers\backend\PesananController->index()
#4 C:\Users\Bon cabe\Documents\pesanan\jimbo\TA\app\penjualan_HTSA_jimbo\vendor\codeigniter4\framework\system\CodeIgniter.php(404): CodeIgniter\CodeIgniter->runController(Object(App\Controllers\backend\PesananController))
#5 C:\Users\Bon cabe\Documents\pesanan\jimbo\TA\app\penjualan_HTSA_jimbo\vendor\codeigniter4\framework\system\CodeIgniter.php(312): CodeIgniter\CodeIgniter->handleRequest(NULL, Object(Config\Cache), false)
#6 C:\Users\Bon cabe\Documents\pesanan\jimbo\TA\app\penjualan_HTSA_jimbo\public\index.php(45): CodeIgniter\CodeIgniter->run()
#7 C:\Users\Bon cabe\Documents\pesanan\jimbo\TA\app\penjualan_HTSA_jimbo\vendor\codeigniter4\framework\system\Commands\Server\rewrite.php(34): require_once('C:\\Users\\Bon ca...')
#8 {main}
