CRITICAL - 2021-04-04 00:09:48 --> Uninitialized string offset: 1
#0 C:\Users\Bon cabe\Documents\pesanan\jimbo\TA\app\penjualan_HTSA_jimbo\app\Models\PesananDetailModel.php(21): CodeIgniter\Debug\Exceptions->errorHandler(8, 'Uninitialized s...', 'C:\\Users\\Bon ca...', 21, Array)
#1 C:\Users\Bon cabe\Documents\pesanan\jimbo\TA\app\penjualan_HTSA_jimbo\app\Controllers\Produk.php(67): App\Models\PesananDetailModel->simpan(Array, Array, Array, 2)
#2 C:\Users\Bon cabe\Documents\pesanan\jimbo\TA\app\penjualan_HTSA_jimbo\vendor\codeigniter4\framework\system\CodeIgniter.php(918): App\Controllers\Produk->checkout()
#3 C:\Users\Bon cabe\Documents\pesanan\jimbo\TA\app\penjualan_HTSA_jimbo\vendor\codeigniter4\framework\system\CodeIgniter.php(404): CodeIgniter\CodeIgniter->runController(Object(App\Controllers\Produk))
#4 C:\Users\Bon cabe\Documents\pesanan\jimbo\TA\app\penjualan_HTSA_jimbo\vendor\codeigniter4\framework\system\CodeIgniter.php(312): CodeIgniter\CodeIgniter->handleRequest(NULL, Object(Config\Cache), false)
#5 C:\Users\Bon cabe\Documents\pesanan\jimbo\TA\app\penjualan_HTSA_jimbo\public\index.php(45): CodeIgniter\CodeIgniter->run()
#6 C:\Users\Bon cabe\Documents\pesanan\jimbo\TA\app\penjualan_HTSA_jimbo\vendor\codeigniter4\framework\system\Commands\Server\rewrite.php(34): require_once('C:\\Users\\Bon ca...')
#7 {main}
CRITICAL - 2021-04-04 00:10:52 --> Uninitialized string offset: 1
#0 C:\Users\Bon cabe\Documents\pesanan\jimbo\TA\app\penjualan_HTSA_jimbo\app\Models\PesananDetailModel.php(21): CodeIgniter\Debug\Exceptions->errorHandler(8, 'Uninitialized s...', 'C:\\Users\\Bon ca...', 21, Array)
#1 C:\Users\Bon cabe\Documents\pesanan\jimbo\TA\app\penjualan_HTSA_jimbo\app\Controllers\Produk.php(67): App\Models\PesananDetailModel->simpan(Array, Array, Array, 2)
#2 C:\Users\Bon cabe\Documents\pesanan\jimbo\TA\app\penjualan_HTSA_jimbo\vendor\codeigniter4\framework\system\CodeIgniter.php(918): App\Controllers\Produk->checkout()
#3 C:\Users\Bon cabe\Documents\pesanan\jimbo\TA\app\penjualan_HTSA_jimbo\vendor\codeigniter4\framework\system\CodeIgniter.php(404): CodeIgniter\CodeIgniter->runController(Object(App\Controllers\Produk))
#4 C:\Users\Bon cabe\Documents\pesanan\jimbo\TA\app\penjualan_HTSA_jimbo\vendor\codeigniter4\framework\system\CodeIgniter.php(312): CodeIgniter\CodeIgniter->handleRequest(NULL, Object(Config\Cache), false)
#5 C:\Users\Bon cabe\Documents\pesanan\jimbo\TA\app\penjualan_HTSA_jimbo\public\index.php(45): CodeIgniter\CodeIgniter->run()
#6 C:\Users\Bon cabe\Documents\pesanan\jimbo\TA\app\penjualan_HTSA_jimbo\vendor\codeigniter4\framework\system\Commands\Server\rewrite.php(34): require_once('C:\\Users\\Bon ca...')
#7 {main}
CRITICAL - 2021-04-04 00:16:27 --> array_keys() expects parameter 1 to be array, string given
#0 [internal function]: CodeIgniter\Debug\Exceptions->errorHandler(2, 'array_keys() ex...', 'C:\\Users\\Bon ca...', 2144, Array)
#1 C:\Users\Bon cabe\Documents\pesanan\jimbo\TA\app\penjualan_HTSA_jimbo\vendor\codeigniter4\framework\system\Database\BaseBuilder.php(2144): array_keys('INV-0421-001')
#2 C:\Users\Bon cabe\Documents\pesanan\jimbo\TA\app\penjualan_HTSA_jimbo\vendor\codeigniter4\framework\system\Database\BaseBuilder.php(2074): CodeIgniter\Database\BaseBuilder->setInsertBatch(Array, '', true)
#3 C:\Users\Bon cabe\Documents\pesanan\jimbo\TA\app\penjualan_HTSA_jimbo\app\Models\PesananDetailModel.php(23): CodeIgniter\Database\BaseBuilder->insertBatch(Array)
#4 C:\Users\Bon cabe\Documents\pesanan\jimbo\TA\app\penjualan_HTSA_jimbo\app\Controllers\Produk.php(67): App\Models\PesananDetailModel->simpan(Array, Array, Array, 2)
#5 C:\Users\Bon cabe\Documents\pesanan\jimbo\TA\app\penjualan_HTSA_jimbo\vendor\codeigniter4\framework\system\CodeIgniter.php(918): App\Controllers\Produk->checkout()
#6 C:\Users\Bon cabe\Documents\pesanan\jimbo\TA\app\penjualan_HTSA_jimbo\vendor\codeigniter4\framework\system\CodeIgniter.php(404): CodeIgniter\CodeIgniter->runController(Object(App\Controllers\Produk))
#7 C:\Users\Bon cabe\Documents\pesanan\jimbo\TA\app\penjualan_HTSA_jimbo\vendor\codeigniter4\framework\system\CodeIgniter.php(312): CodeIgniter\CodeIgniter->handleRequest(NULL, Object(Config\Cache), false)
#8 C:\Users\Bon cabe\Documents\pesanan\jimbo\TA\app\penjualan_HTSA_jimbo\public\index.php(45): CodeIgniter\CodeIgniter->run()
#9 C:\Users\Bon cabe\Documents\pesanan\jimbo\TA\app\penjualan_HTSA_jimbo\vendor\codeigniter4\framework\system\Commands\Server\rewrite.php(34): require_once('C:\\Users\\Bon ca...')
#10 {main}
CRITICAL - 2021-04-04 00:18:41 --> Trying to access array offset on value of type int
#0 C:\Users\Bon cabe\Documents\pesanan\jimbo\TA\app\penjualan_HTSA_jimbo\app\Models\PesananDetailModel.php(20): CodeIgniter\Debug\Exceptions->errorHandler(8, 'Trying to acces...', 'C:\\Users\\Bon ca...', 20, Array)
#1 C:\Users\Bon cabe\Documents\pesanan\jimbo\TA\app\penjualan_HTSA_jimbo\app\Controllers\Produk.php(67): App\Models\PesananDetailModel->simpan(Array, Array, 2)
#2 C:\Users\Bon cabe\Documents\pesanan\jimbo\TA\app\penjualan_HTSA_jimbo\vendor\codeigniter4\framework\system\CodeIgniter.php(918): App\Controllers\Produk->checkout()
#3 C:\Users\Bon cabe\Documents\pesanan\jimbo\TA\app\penjualan_HTSA_jimbo\vendor\codeigniter4\framework\system\CodeIgniter.php(404): CodeIgniter\CodeIgniter->runController(Object(App\Controllers\Produk))
#4 C:\Users\Bon cabe\Documents\pesanan\jimbo\TA\app\penjualan_HTSA_jimbo\vendor\codeigniter4\framework\system\CodeIgniter.php(312): CodeIgniter\CodeIgniter->handleRequest(NULL, Object(Config\Cache), false)
#5 C:\Users\Bon cabe\Documents\pesanan\jimbo\TA\app\penjualan_HTSA_jimbo\public\index.php(45): CodeIgniter\CodeIgniter->run()
#6 C:\Users\Bon cabe\Documents\pesanan\jimbo\TA\app\penjualan_HTSA_jimbo\vendor\codeigniter4\framework\system\Commands\Server\rewrite.php(34): require_once('C:\\Users\\Bon ca...')
#7 {main}
CRITICAL - 2021-04-04 00:35:53 --> array_keys() expects parameter 1 to be array, string given
#0 [internal function]: CodeIgniter\Debug\Exceptions->errorHandler(2, 'array_keys() ex...', 'C:\\Users\\Bon ca...', 2144, Array)
#1 C:\Users\Bon cabe\Documents\pesanan\jimbo\TA\app\penjualan_HTSA_jimbo\vendor\codeigniter4\framework\system\Database\BaseBuilder.php(2144): array_keys('INV-0421-001')
#2 C:\Users\Bon cabe\Documents\pesanan\jimbo\TA\app\penjualan_HTSA_jimbo\vendor\codeigniter4\framework\system\Database\BaseBuilder.php(2074): CodeIgniter\Database\BaseBuilder->setInsertBatch(Array, '', true)
#3 C:\Users\Bon cabe\Documents\pesanan\jimbo\TA\app\penjualan_HTSA_jimbo\app\Models\PesananDetailModel.php(25): CodeIgniter\Database\BaseBuilder->insertBatch(Array)
#4 C:\Users\Bon cabe\Documents\pesanan\jimbo\TA\app\penjualan_HTSA_jimbo\app\Controllers\Produk.php(67): App\Models\PesananDetailModel->simpan(Array, Array, Array, 2)
#5 C:\Users\Bon cabe\Documents\pesanan\jimbo\TA\app\penjualan_HTSA_jimbo\vendor\codeigniter4\framework\system\CodeIgniter.php(918): App\Controllers\Produk->checkout()
#6 C:\Users\Bon cabe\Documents\pesanan\jimbo\TA\app\penjualan_HTSA_jimbo\vendor\codeigniter4\framework\system\CodeIgniter.php(404): CodeIgniter\CodeIgniter->runController(Object(App\Controllers\Produk))
#7 C:\Users\Bon cabe\Documents\pesanan\jimbo\TA\app\penjualan_HTSA_jimbo\vendor\codeigniter4\framework\system\CodeIgniter.php(312): CodeIgniter\CodeIgniter->handleRequest(NULL, Object(Config\Cache), false)
#8 C:\Users\Bon cabe\Documents\pesanan\jimbo\TA\app\penjualan_HTSA_jimbo\public\index.php(45): CodeIgniter\CodeIgniter->run()
#9 C:\Users\Bon cabe\Documents\pesanan\jimbo\TA\app\penjualan_HTSA_jimbo\vendor\codeigniter4\framework\system\Commands\Server\rewrite.php(34): require_once('C:\\Users\\Bon ca...')
#10 {main}
CRITICAL - 2021-04-04 00:38:34 --> array_keys() expects parameter 1 to be array, string given
#0 [internal function]: CodeIgniter\Debug\Exceptions->errorHandler(2, 'array_keys() ex...', 'C:\\Users\\Bon ca...', 2144, Array)
#1 C:\Users\Bon cabe\Documents\pesanan\jimbo\TA\app\penjualan_HTSA_jimbo\vendor\codeigniter4\framework\system\Database\BaseBuilder.php(2144): array_keys('INV-0421-001')
#2 C:\Users\Bon cabe\Documents\pesanan\jimbo\TA\app\penjualan_HTSA_jimbo\vendor\codeigniter4\framework\system\Database\BaseBuilder.php(2074): CodeIgniter\Database\BaseBuilder->setInsertBatch(Array, '', true)
#3 C:\Users\Bon cabe\Documents\pesanan\jimbo\TA\app\penjualan_HTSA_jimbo\app\Models\PesananDetailModel.php(25): CodeIgniter\Database\BaseBuilder->insertBatch(Array)
#4 C:\Users\Bon cabe\Documents\pesanan\jimbo\TA\app\penjualan_HTSA_jimbo\app\Controllers\Produk.php(67): App\Models\PesananDetailModel->simpan(Array, Array, Array, 2)
#5 C:\Users\Bon cabe\Documents\pesanan\jimbo\TA\app\penjualan_HTSA_jimbo\vendor\codeigniter4\framework\system\CodeIgniter.php(918): App\Controllers\Produk->checkout()
#6 C:\Users\Bon cabe\Documents\pesanan\jimbo\TA\app\penjualan_HTSA_jimbo\vendor\codeigniter4\framework\system\CodeIgniter.php(404): CodeIgniter\CodeIgniter->runController(Object(App\Controllers\Produk))
#7 C:\Users\Bon cabe\Documents\pesanan\jimbo\TA\app\penjualan_HTSA_jimbo\vendor\codeigniter4\framework\system\CodeIgniter.php(312): CodeIgniter\CodeIgniter->handleRequest(NULL, Object(Config\Cache), false)
#8 C:\Users\Bon cabe\Documents\pesanan\jimbo\TA\app\penjualan_HTSA_jimbo\public\index.php(45): CodeIgniter\CodeIgniter->run()
#9 C:\Users\Bon cabe\Documents\pesanan\jimbo\TA\app\penjualan_HTSA_jimbo\vendor\codeigniter4\framework\system\Commands\Server\rewrite.php(34): require_once('C:\\Users\\Bon ca...')
#10 {main}
CRITICAL - 2021-04-04 00:40:30 --> array_keys() expects parameter 1 to be array, string given
#0 [internal function]: CodeIgniter\Debug\Exceptions->errorHandler(2, 'array_keys() ex...', 'C:\\Users\\Bon ca...', 2144, Array)
#1 C:\Users\Bon cabe\Documents\pesanan\jimbo\TA\app\penjualan_HTSA_jimbo\vendor\codeigniter4\framework\system\Database\BaseBuilder.php(2144): array_keys('INV-0421-001')
#2 C:\Users\Bon cabe\Documents\pesanan\jimbo\TA\app\penjualan_HTSA_jimbo\vendor\codeigniter4\framework\system\Database\BaseBuilder.php(2074): CodeIgniter\Database\BaseBuilder->setInsertBatch(Array, '', true)
#3 C:\Users\Bon cabe\Documents\pesanan\jimbo\TA\app\penjualan_HTSA_jimbo\vendor\codeigniter4\framework\system\Model.php(801): CodeIgniter\Database\BaseBuilder->insertBatch(Array, NULL, 100)
#4 C:\Users\Bon cabe\Documents\pesanan\jimbo\TA\app\penjualan_HTSA_jimbo\app\Controllers\Produk.php(78): CodeIgniter\Model->insertBatch(Array)
#5 C:\Users\Bon cabe\Documents\pesanan\jimbo\TA\app\penjualan_HTSA_jimbo\vendor\codeigniter4\framework\system\CodeIgniter.php(918): App\Controllers\Produk->checkout()
#6 C:\Users\Bon cabe\Documents\pesanan\jimbo\TA\app\penjualan_HTSA_jimbo\vendor\codeigniter4\framework\system\CodeIgniter.php(404): CodeIgniter\CodeIgniter->runController(Object(App\Controllers\Produk))
#7 C:\Users\Bon cabe\Documents\pesanan\jimbo\TA\app\penjualan_HTSA_jimbo\vendor\codeigniter4\framework\system\CodeIgniter.php(312): CodeIgniter\CodeIgniter->handleRequest(NULL, Object(Config\Cache), false)
#8 C:\Users\Bon cabe\Documents\pesanan\jimbo\TA\app\penjualan_HTSA_jimbo\public\index.php(45): CodeIgniter\CodeIgniter->run()
#9 C:\Users\Bon cabe\Documents\pesanan\jimbo\TA\app\penjualan_HTSA_jimbo\vendor\codeigniter4\framework\system\Commands\Server\rewrite.php(34): require_once('C:\\Users\\Bon ca...')
#10 {main}
CRITICAL - 2021-04-04 00:41:55 --> Call to a member function count() on array
#0 C:\Users\Bon cabe\Documents\pesanan\jimbo\TA\app\penjualan_HTSA_jimbo\vendor\codeigniter4\framework\system\CodeIgniter.php(918): App\Controllers\Produk->checkout()
#1 C:\Users\Bon cabe\Documents\pesanan\jimbo\TA\app\penjualan_HTSA_jimbo\vendor\codeigniter4\framework\system\CodeIgniter.php(404): CodeIgniter\CodeIgniter->runController(Object(App\Controllers\Produk))
#2 C:\Users\Bon cabe\Documents\pesanan\jimbo\TA\app\penjualan_HTSA_jimbo\vendor\codeigniter4\framework\system\CodeIgniter.php(312): CodeIgniter\CodeIgniter->handleRequest(NULL, Object(Config\Cache), false)
#3 C:\Users\Bon cabe\Documents\pesanan\jimbo\TA\app\penjualan_HTSA_jimbo\public\index.php(45): CodeIgniter\CodeIgniter->run()
#4 C:\Users\Bon cabe\Documents\pesanan\jimbo\TA\app\penjualan_HTSA_jimbo\vendor\codeigniter4\framework\system\Commands\Server\rewrite.php(34): require_once('C:\\Users\\Bon ca...')
#5 {main}
CRITICAL - 2021-04-04 00:45:49 --> Undefined offset: 2
#0 C:\Users\Bon cabe\Documents\pesanan\jimbo\TA\app\penjualan_HTSA_jimbo\app\Models\PesananDetailModel.php(20): CodeIgniter\Debug\Exceptions->errorHandler(8, 'Undefined offse...', 'C:\\Users\\Bon ca...', 20, Array)
#1 C:\Users\Bon cabe\Documents\pesanan\jimbo\TA\app\penjualan_HTSA_jimbo\app\Controllers\Produk.php(68): App\Models\PesananDetailModel->simpan(Array, Array, Array, 2)
#2 C:\Users\Bon cabe\Documents\pesanan\jimbo\TA\app\penjualan_HTSA_jimbo\vendor\codeigniter4\framework\system\CodeIgniter.php(918): App\Controllers\Produk->checkout()
#3 C:\Users\Bon cabe\Documents\pesanan\jimbo\TA\app\penjualan_HTSA_jimbo\vendor\codeigniter4\framework\system\CodeIgniter.php(404): CodeIgniter\CodeIgniter->runController(Object(App\Controllers\Produk))
#4 C:\Users\Bon cabe\Documents\pesanan\jimbo\TA\app\penjualan_HTSA_jimbo\vendor\codeigniter4\framework\system\CodeIgniter.php(312): CodeIgniter\CodeIgniter->handleRequest(NULL, Object(Config\Cache), false)
#5 C:\Users\Bon cabe\Documents\pesanan\jimbo\TA\app\penjualan_HTSA_jimbo\public\index.php(45): CodeIgniter\CodeIgniter->run()
#6 C:\Users\Bon cabe\Documents\pesanan\jimbo\TA\app\penjualan_HTSA_jimbo\vendor\codeigniter4\framework\system\Commands\Server\rewrite.php(34): require_once('C:\\Users\\Bon ca...')
#7 {main}
CRITICAL - 2021-04-04 00:46:22 --> Operand should contain 1 column(s)
#0 C:\Users\Bon cabe\Documents\pesanan\jimbo\TA\app\penjualan_HTSA_jimbo\vendor\codeigniter4\framework\system\Database\MySQLi\Connection.php(331): mysqli->query('INSERT INTO `pe...')
#1 C:\Users\Bon cabe\Documents\pesanan\jimbo\TA\app\penjualan_HTSA_jimbo\vendor\codeigniter4\framework\system\Database\BaseConnection.php(741): CodeIgniter\Database\MySQLi\Connection->execute('INSERT INTO `pe...')
#2 C:\Users\Bon cabe\Documents\pesanan\jimbo\TA\app\penjualan_HTSA_jimbo\vendor\codeigniter4\framework\system\Database\BaseConnection.php(669): CodeIgniter\Database\BaseConnection->simpleQuery('INSERT INTO `pe...')
#3 C:\Users\Bon cabe\Documents\pesanan\jimbo\TA\app\penjualan_HTSA_jimbo\vendor\codeigniter4\framework\system\Database\BaseBuilder.php(2249): CodeIgniter\Database\BaseConnection->query('INSERT INTO `pe...', Array, false)
#4 C:\Users\Bon cabe\Documents\pesanan\jimbo\TA\app\penjualan_HTSA_jimbo\vendor\codeigniter4\framework\system\Model.php(755): CodeIgniter\Database\BaseBuilder->insert()
#5 C:\Users\Bon cabe\Documents\pesanan\jimbo\TA\app\penjualan_HTSA_jimbo\app\Models\PesananDetailModel.php(21): CodeIgniter\Model->insert(Array)
#6 C:\Users\Bon cabe\Documents\pesanan\jimbo\TA\app\penjualan_HTSA_jimbo\app\Controllers\Produk.php(68): App\Models\PesananDetailModel->simpan(Array, Array, Array, 2)
#7 C:\Users\Bon cabe\Documents\pesanan\jimbo\TA\app\penjualan_HTSA_jimbo\vendor\codeigniter4\framework\system\CodeIgniter.php(918): App\Controllers\Produk->checkout()
#8 C:\Users\Bon cabe\Documents\pesanan\jimbo\TA\app\penjualan_HTSA_jimbo\vendor\codeigniter4\framework\system\CodeIgniter.php(404): CodeIgniter\CodeIgniter->runController(Object(App\Controllers\Produk))
#9 C:\Users\Bon cabe\Documents\pesanan\jimbo\TA\app\penjualan_HTSA_jimbo\vendor\codeigniter4\framework\system\CodeIgniter.php(312): CodeIgniter\CodeIgniter->handleRequest(NULL, Object(Config\Cache), false)
#10 C:\Users\Bon cabe\Documents\pesanan\jimbo\TA\app\penjualan_HTSA_jimbo\public\index.php(45): CodeIgniter\CodeIgniter->run()
#11 C:\Users\Bon cabe\Documents\pesanan\jimbo\TA\app\penjualan_HTSA_jimbo\vendor\codeigniter4\framework\system\Commands\Server\rewrite.php(34): require_once('C:\\Users\\Bon ca...')
#12 {main}
CRITICAL - 2021-04-04 00:47:00 --> Operand should contain 1 column(s)
#0 C:\Users\Bon cabe\Documents\pesanan\jimbo\TA\app\penjualan_HTSA_jimbo\vendor\codeigniter4\framework\system\Database\MySQLi\Connection.php(331): mysqli->query('INSERT INTO `pe...')
#1 C:\Users\Bon cabe\Documents\pesanan\jimbo\TA\app\penjualan_HTSA_jimbo\vendor\codeigniter4\framework\system\Database\BaseConnection.php(741): CodeIgniter\Database\MySQLi\Connection->execute('INSERT INTO `pe...')
#2 C:\Users\Bon cabe\Documents\pesanan\jimbo\TA\app\penjualan_HTSA_jimbo\vendor\codeigniter4\framework\system\Database\BaseConnection.php(669): CodeIgniter\Database\BaseConnection->simpleQuery('INSERT INTO `pe...')
#3 C:\Users\Bon cabe\Documents\pesanan\jimbo\TA\app\penjualan_HTSA_jimbo\vendor\codeigniter4\framework\system\Database\BaseBuilder.php(2249): CodeIgniter\Database\BaseConnection->query('INSERT INTO `pe...', Array, false)
#4 C:\Users\Bon cabe\Documents\pesanan\jimbo\TA\app\penjualan_HTSA_jimbo\vendor\codeigniter4\framework\system\Model.php(755): CodeIgniter\Database\BaseBuilder->insert()
#5 C:\Users\Bon cabe\Documents\pesanan\jimbo\TA\app\penjualan_HTSA_jimbo\app\Models\PesananDetailModel.php(21): CodeIgniter\Model->insert(Array)
#6 C:\Users\Bon cabe\Documents\pesanan\jimbo\TA\app\penjualan_HTSA_jimbo\app\Controllers\Produk.php(68): App\Models\PesananDetailModel->simpan(Array, Array, Array, 2)
#7 C:\Users\Bon cabe\Documents\pesanan\jimbo\TA\app\penjualan_HTSA_jimbo\vendor\codeigniter4\framework\system\CodeIgniter.php(918): App\Controllers\Produk->checkout()
#8 C:\Users\Bon cabe\Documents\pesanan\jimbo\TA\app\penjualan_HTSA_jimbo\vendor\codeigniter4\framework\system\CodeIgniter.php(404): CodeIgniter\CodeIgniter->runController(Object(App\Controllers\Produk))
#9 C:\Users\Bon cabe\Documents\pesanan\jimbo\TA\app\penjualan_HTSA_jimbo\vendor\codeigniter4\framework\system\CodeIgniter.php(312): CodeIgniter\CodeIgniter->handleRequest(NULL, Object(Config\Cache), false)
#10 C:\Users\Bon cabe\Documents\pesanan\jimbo\TA\app\penjualan_HTSA_jimbo\public\index.php(45): CodeIgniter\CodeIgniter->run()
#11 C:\Users\Bon cabe\Documents\pesanan\jimbo\TA\app\penjualan_HTSA_jimbo\vendor\codeigniter4\framework\system\Commands\Server\rewrite.php(34): require_once('C:\\Users\\Bon ca...')
#12 {main}
CRITICAL - 2021-04-04 00:48:48 --> array_keys() expects parameter 1 to be array, string given
#0 [internal function]: CodeIgniter\Debug\Exceptions->errorHandler(2, 'array_keys() ex...', 'C:\\Users\\Bon ca...', 2144, Array)
#1 C:\Users\Bon cabe\Documents\pesanan\jimbo\TA\app\penjualan_HTSA_jimbo\vendor\codeigniter4\framework\system\Database\BaseBuilder.php(2144): array_keys('INV-0421-001')
#2 C:\Users\Bon cabe\Documents\pesanan\jimbo\TA\app\penjualan_HTSA_jimbo\vendor\codeigniter4\framework\system\Database\BaseBuilder.php(2074): CodeIgniter\Database\BaseBuilder->setInsertBatch(Array, '', true)
#3 C:\Users\Bon cabe\Documents\pesanan\jimbo\TA\app\penjualan_HTSA_jimbo\vendor\codeigniter4\framework\system\Model.php(801): CodeIgniter\Database\BaseBuilder->insertBatch(Array, NULL, 100)
#4 C:\Users\Bon cabe\Documents\pesanan\jimbo\TA\app\penjualan_HTSA_jimbo\app\Models\PesananDetailModel.php(21): CodeIgniter\Model->insertBatch(Array)
#5 C:\Users\Bon cabe\Documents\pesanan\jimbo\TA\app\penjualan_HTSA_jimbo\app\Controllers\Produk.php(68): App\Models\PesananDetailModel->simpan(Array, Array, Array, 2)
#6 C:\Users\Bon cabe\Documents\pesanan\jimbo\TA\app\penjualan_HTSA_jimbo\vendor\codeigniter4\framework\system\CodeIgniter.php(918): App\Controllers\Produk->checkout()
#7 C:\Users\Bon cabe\Documents\pesanan\jimbo\TA\app\penjualan_HTSA_jimbo\vendor\codeigniter4\framework\system\CodeIgniter.php(404): CodeIgniter\CodeIgniter->runController(Object(App\Controllers\Produk))
#8 C:\Users\Bon cabe\Documents\pesanan\jimbo\TA\app\penjualan_HTSA_jimbo\vendor\codeigniter4\framework\system\CodeIgniter.php(312): CodeIgniter\CodeIgniter->handleRequest(NULL, Object(Config\Cache), false)
#9 C:\Users\Bon cabe\Documents\pesanan\jimbo\TA\app\penjualan_HTSA_jimbo\public\index.php(45): CodeIgniter\CodeIgniter->run()
#10 C:\Users\Bon cabe\Documents\pesanan\jimbo\TA\app\penjualan_HTSA_jimbo\vendor\codeigniter4\framework\system\Commands\Server\rewrite.php(34): require_once('C:\\Users\\Bon ca...')
#11 {main}
CRITICAL - 2021-04-04 00:51:16 --> array_keys() expects parameter 1 to be array, string given
#0 [internal function]: CodeIgniter\Debug\Exceptions->errorHandler(2, 'array_keys() ex...', 'C:\\Users\\Bon ca...', 2144, Array)
#1 C:\Users\Bon cabe\Documents\pesanan\jimbo\TA\app\penjualan_HTSA_jimbo\vendor\codeigniter4\framework\system\Database\BaseBuilder.php(2144): array_keys('INV-0421-001')
#2 C:\Users\Bon cabe\Documents\pesanan\jimbo\TA\app\penjualan_HTSA_jimbo\vendor\codeigniter4\framework\system\Database\BaseBuilder.php(2074): CodeIgniter\Database\BaseBuilder->setInsertBatch(Array, '', true)
#3 C:\Users\Bon cabe\Documents\pesanan\jimbo\TA\app\penjualan_HTSA_jimbo\vendor\codeigniter4\framework\system\Model.php(801): CodeIgniter\Database\BaseBuilder->insertBatch(Array, NULL, 100)
#4 C:\Users\Bon cabe\Documents\pesanan\jimbo\TA\app\penjualan_HTSA_jimbo\app\Models\PesananDetailModel.php(22): CodeIgniter\Model->insertBatch(Array)
#5 C:\Users\Bon cabe\Documents\pesanan\jimbo\TA\app\penjualan_HTSA_jimbo\app\Controllers\Produk.php(68): App\Models\PesananDetailModel->simpan(Array, Array, Array, 2)
#6 C:\Users\Bon cabe\Documents\pesanan\jimbo\TA\app\penjualan_HTSA_jimbo\vendor\codeigniter4\framework\system\CodeIgniter.php(918): App\Controllers\Produk->checkout()
#7 C:\Users\Bon cabe\Documents\pesanan\jimbo\TA\app\penjualan_HTSA_jimbo\vendor\codeigniter4\framework\system\CodeIgniter.php(404): CodeIgniter\CodeIgniter->runController(Object(App\Controllers\Produk))
#8 C:\Users\Bon cabe\Documents\pesanan\jimbo\TA\app\penjualan_HTSA_jimbo\vendor\codeigniter4\framework\system\CodeIgniter.php(312): CodeIgniter\CodeIgniter->handleRequest(NULL, Object(Config\Cache), false)
#9 C:\Users\Bon cabe\Documents\pesanan\jimbo\TA\app\penjualan_HTSA_jimbo\public\index.php(45): CodeIgniter\CodeIgniter->run()
#10 C:\Users\Bon cabe\Documents\pesanan\jimbo\TA\app\penjualan_HTSA_jimbo\vendor\codeigniter4\framework\system\Commands\Server\rewrite.php(34): require_once('C:\\Users\\Bon ca...')
#11 {main}
CRITICAL - 2021-04-04 00:52:07 --> Undefined index: csrf_test_name
#0 C:\Users\Bon cabe\Documents\pesanan\jimbo\TA\app\penjualan_HTSA_jimbo\app\Models\PesananDetailModel.php(21): CodeIgniter\Debug\Exceptions->errorHandler(8, 'Undefined index...', 'C:\\Users\\Bon ca...', 21, Array)
#1 C:\Users\Bon cabe\Documents\pesanan\jimbo\TA\app\penjualan_HTSA_jimbo\app\Controllers\Produk.php(68): App\Models\PesananDetailModel->simpan(Array, Array, Array, 2)
#2 C:\Users\Bon cabe\Documents\pesanan\jimbo\TA\app\penjualan_HTSA_jimbo\vendor\codeigniter4\framework\system\CodeIgniter.php(918): App\Controllers\Produk->checkout()
#3 C:\Users\Bon cabe\Documents\pesanan\jimbo\TA\app\penjualan_HTSA_jimbo\vendor\codeigniter4\framework\system\CodeIgniter.php(404): CodeIgniter\CodeIgniter->runController(Object(App\Controllers\Produk))
#4 C:\Users\Bon cabe\Documents\pesanan\jimbo\TA\app\penjualan_HTSA_jimbo\vendor\codeigniter4\framework\system\CodeIgniter.php(312): CodeIgniter\CodeIgniter->handleRequest(NULL, Object(Config\Cache), false)
#5 C:\Users\Bon cabe\Documents\pesanan\jimbo\TA\app\penjualan_HTSA_jimbo\public\index.php(45): CodeIgniter\CodeIgniter->run()
#6 C:\Users\Bon cabe\Documents\pesanan\jimbo\TA\app\penjualan_HTSA_jimbo\vendor\codeigniter4\framework\system\Commands\Server\rewrite.php(34): require_once('C:\\Users\\Bon ca...')
#7 {main}
CRITICAL - 2021-04-04 00:54:36 --> Undefined variable: total_keranjang
#0 C:\Users\Bon cabe\Documents\pesanan\jimbo\TA\app\penjualan_HTSA_jimbo\app\Views\frontend\component\topinfomin.php(7): CodeIgniter\Debug\Exceptions->errorHandler(8, 'Undefined varia...', 'C:\\Users\\Bon ca...', 7, Array)
#1 C:\Users\Bon cabe\Documents\pesanan\jimbo\TA\app\penjualan_HTSA_jimbo\vendor\codeigniter4\framework\system\View\View.php(246): include('C:\\Users\\Bon ca...')
#2 C:\Users\Bon cabe\Documents\pesanan\jimbo\TA\app\penjualan_HTSA_jimbo\vendor\codeigniter4\framework\system\View\View.php(525): CodeIgniter\View\View->render('frontend/compon...', NULL, true)
#3 C:\Users\Bon cabe\Documents\pesanan\jimbo\TA\app\penjualan_HTSA_jimbo\app\Views\frontend\layout\home.php(7): CodeIgniter\View\View->include('frontend/compon...')
#4 C:\Users\Bon cabe\Documents\pesanan\jimbo\TA\app\penjualan_HTSA_jimbo\vendor\codeigniter4\framework\system\View\View.php(246): include('C:\\Users\\Bon ca...')
#5 C:\Users\Bon cabe\Documents\pesanan\jimbo\TA\app\penjualan_HTSA_jimbo\vendor\codeigniter4\framework\system\View\View.php(257): CodeIgniter\View\View->render('frontend/layout...', Array, true)
#6 C:\Users\Bon cabe\Documents\pesanan\jimbo\TA\app\penjualan_HTSA_jimbo\vendor\codeigniter4\framework\system\Common.php(1119): CodeIgniter\View\View->render('frontend/pages/...', Array, true)
#7 C:\Users\Bon cabe\Documents\pesanan\jimbo\TA\app\penjualan_HTSA_jimbo\app\Controllers\Produk.php(46): view('frontend/pages/...')
#8 C:\Users\Bon cabe\Documents\pesanan\jimbo\TA\app\penjualan_HTSA_jimbo\vendor\codeigniter4\framework\system\CodeIgniter.php(918): App\Controllers\Produk->konfirmasi()
#9 C:\Users\Bon cabe\Documents\pesanan\jimbo\TA\app\penjualan_HTSA_jimbo\vendor\codeigniter4\framework\system\CodeIgniter.php(404): CodeIgniter\CodeIgniter->runController(Object(App\Controllers\Produk))
#10 C:\Users\Bon cabe\Documents\pesanan\jimbo\TA\app\penjualan_HTSA_jimbo\vendor\codeigniter4\framework\system\CodeIgniter.php(312): CodeIgniter\CodeIgniter->handleRequest(NULL, Object(Config\Cache), false)
#11 C:\Users\Bon cabe\Documents\pesanan\jimbo\TA\app\penjualan_HTSA_jimbo\public\index.php(45): CodeIgniter\CodeIgniter->run()
#12 C:\Users\Bon cabe\Documents\pesanan\jimbo\TA\app\penjualan_HTSA_jimbo\vendor\codeigniter4\framework\system\Commands\Server\rewrite.php(34): require_once('C:\\Users\\Bon ca...')
#13 {main}
CRITICAL - 2021-04-04 00:55:29 --> Undefined variable: total_keranjang
#0 C:\Users\Bon cabe\Documents\pesanan\jimbo\TA\app\penjualan_HTSA_jimbo\app\Views\frontend\component\topinfomin.php(7): CodeIgniter\Debug\Exceptions->errorHandler(8, 'Undefined varia...', 'C:\\Users\\Bon ca...', 7, Array)
#1 C:\Users\Bon cabe\Documents\pesanan\jimbo\TA\app\penjualan_HTSA_jimbo\vendor\codeigniter4\framework\system\View\View.php(246): include('C:\\Users\\Bon ca...')
#2 C:\Users\Bon cabe\Documents\pesanan\jimbo\TA\app\penjualan_HTSA_jimbo\vendor\codeigniter4\framework\system\View\View.php(525): CodeIgniter\View\View->render('frontend/compon...', NULL, true)
#3 C:\Users\Bon cabe\Documents\pesanan\jimbo\TA\app\penjualan_HTSA_jimbo\app\Views\frontend\layout\home.php(7): CodeIgniter\View\View->include('frontend/compon...')
#4 C:\Users\Bon cabe\Documents\pesanan\jimbo\TA\app\penjualan_HTSA_jimbo\vendor\codeigniter4\framework\system\View\View.php(246): include('C:\\Users\\Bon ca...')
#5 C:\Users\Bon cabe\Documents\pesanan\jimbo\TA\app\penjualan_HTSA_jimbo\vendor\codeigniter4\framework\system\View\View.php(257): CodeIgniter\View\View->render('frontend/layout...', Array, true)
#6 C:\Users\Bon cabe\Documents\pesanan\jimbo\TA\app\penjualan_HTSA_jimbo\vendor\codeigniter4\framework\system\Common.php(1119): CodeIgniter\View\View->render('frontend/pages/...', Array, true)
#7 C:\Users\Bon cabe\Documents\pesanan\jimbo\TA\app\penjualan_HTSA_jimbo\app\Controllers\Produk.php(46): view('frontend/pages/...')
#8 C:\Users\Bon cabe\Documents\pesanan\jimbo\TA\app\penjualan_HTSA_jimbo\vendor\codeigniter4\framework\system\CodeIgniter.php(918): App\Controllers\Produk->konfirmasi()
#9 C:\Users\Bon cabe\Documents\pesanan\jimbo\TA\app\penjualan_HTSA_jimbo\vendor\codeigniter4\framework\system\CodeIgniter.php(404): CodeIgniter\CodeIgniter->runController(Object(App\Controllers\Produk))
#10 C:\Users\Bon cabe\Documents\pesanan\jimbo\TA\app\penjualan_HTSA_jimbo\vendor\codeigniter4\framework\system\CodeIgniter.php(312): CodeIgniter\CodeIgniter->handleRequest(NULL, Object(Config\Cache), false)
#11 C:\Users\Bon cabe\Documents\pesanan\jimbo\TA\app\penjualan_HTSA_jimbo\public\index.php(45): CodeIgniter\CodeIgniter->run()
#12 C:\Users\Bon cabe\Documents\pesanan\jimbo\TA\app\penjualan_HTSA_jimbo\vendor\codeigniter4\framework\system\Commands\Server\rewrite.php(34): require_once('C:\\Users\\Bon ca...')
#13 {main}
CRITICAL - 2021-04-04 00:55:48 --> Undefined variable: total_keranjang
#0 C:\Users\Bon cabe\Documents\pesanan\jimbo\TA\app\penjualan_HTSA_jimbo\app\Views\frontend\component\topinfomin.php(7): CodeIgniter\Debug\Exceptions->errorHandler(8, 'Undefined varia...', 'C:\\Users\\Bon ca...', 7, Array)
#1 C:\Users\Bon cabe\Documents\pesanan\jimbo\TA\app\penjualan_HTSA_jimbo\vendor\codeigniter4\framework\system\View\View.php(246): include('C:\\Users\\Bon ca...')
#2 C:\Users\Bon cabe\Documents\pesanan\jimbo\TA\app\penjualan_HTSA_jimbo\vendor\codeigniter4\framework\system\View\View.php(525): CodeIgniter\View\View->render('frontend/compon...', NULL, true)
#3 C:\Users\Bon cabe\Documents\pesanan\jimbo\TA\app\penjualan_HTSA_jimbo\app\Views\frontend\layout\home.php(7): CodeIgniter\View\View->include('frontend/compon...')
#4 C:\Users\Bon cabe\Documents\pesanan\jimbo\TA\app\penjualan_HTSA_jimbo\vendor\codeigniter4\framework\system\View\View.php(246): include('C:\\Users\\Bon ca...')
#5 C:\Users\Bon cabe\Documents\pesanan\jimbo\TA\app\penjualan_HTSA_jimbo\vendor\codeigniter4\framework\system\View\View.php(257): CodeIgniter\View\View->render('frontend/layout...', Array, true)
#6 C:\Users\Bon cabe\Documents\pesanan\jimbo\TA\app\penjualan_HTSA_jimbo\vendor\codeigniter4\framework\system\Common.php(1119): CodeIgniter\View\View->render('frontend/pages/...', Array, true)
#7 C:\Users\Bon cabe\Documents\pesanan\jimbo\TA\app\penjualan_HTSA_jimbo\app\Controllers\Produk.php(46): view('frontend/pages/...')
#8 C:\Users\Bon cabe\Documents\pesanan\jimbo\TA\app\penjualan_HTSA_jimbo\vendor\codeigniter4\framework\system\CodeIgniter.php(918): App\Controllers\Produk->konfirmasi()
#9 C:\Users\Bon cabe\Documents\pesanan\jimbo\TA\app\penjualan_HTSA_jimbo\vendor\codeigniter4\framework\system\CodeIgniter.php(404): CodeIgniter\CodeIgniter->runController(Object(App\Controllers\Produk))
#10 C:\Users\Bon cabe\Documents\pesanan\jimbo\TA\app\penjualan_HTSA_jimbo\vendor\codeigniter4\framework\system\CodeIgniter.php(312): CodeIgniter\CodeIgniter->handleRequest(NULL, Object(Config\Cache), false)
#11 C:\Users\Bon cabe\Documents\pesanan\jimbo\TA\app\penjualan_HTSA_jimbo\public\index.php(45): CodeIgniter\CodeIgniter->run()
#12 C:\Users\Bon cabe\Documents\pesanan\jimbo\TA\app\penjualan_HTSA_jimbo\vendor\codeigniter4\framework\system\Commands\Server\rewrite.php(34): require_once('C:\\Users\\Bon ca...')
#13 {main}
CRITICAL - 2021-04-04 01:03:11 --> Unknown column 'keranjang.id_pelanggan' in 'where clause'
#0 C:\Users\Bon cabe\Documents\pesanan\jimbo\TA\app\penjualan_HTSA_jimbo\vendor\codeigniter4\framework\system\Database\MySQLi\Connection.php(331): mysqli->query('DELETE FROM `de...')
#1 C:\Users\Bon cabe\Documents\pesanan\jimbo\TA\app\penjualan_HTSA_jimbo\vendor\codeigniter4\framework\system\Database\BaseConnection.php(741): CodeIgniter\Database\MySQLi\Connection->execute('DELETE FROM `de...')
#2 C:\Users\Bon cabe\Documents\pesanan\jimbo\TA\app\penjualan_HTSA_jimbo\vendor\codeigniter4\framework\system\Database\BaseConnection.php(669): CodeIgniter\Database\BaseConnection->simpleQuery('DELETE FROM `de...')
#3 C:\Users\Bon cabe\Documents\pesanan\jimbo\TA\app\penjualan_HTSA_jimbo\vendor\codeigniter4\framework\system\Database\BaseBuilder.php(2853): CodeIgniter\Database\BaseConnection->query('DELETE FROM `de...', Array, false)
#4 C:\Users\Bon cabe\Documents\pesanan\jimbo\TA\app\penjualan_HTSA_jimbo\app\Models\KeranjangDetailModel.php(119): CodeIgniter\Database\BaseBuilder->delete()
#5 C:\Users\Bon cabe\Documents\pesanan\jimbo\TA\app\penjualan_HTSA_jimbo\app\Controllers\Produk.php(70): App\Models\KeranjangDetailModel->hapus('PEL-0820-001')
#6 C:\Users\Bon cabe\Documents\pesanan\jimbo\TA\app\penjualan_HTSA_jimbo\vendor\codeigniter4\framework\system\CodeIgniter.php(918): App\Controllers\Produk->checkout()
#7 C:\Users\Bon cabe\Documents\pesanan\jimbo\TA\app\penjualan_HTSA_jimbo\vendor\codeigniter4\framework\system\CodeIgniter.php(404): CodeIgniter\CodeIgniter->runController(Object(App\Controllers\Produk))
#8 C:\Users\Bon cabe\Documents\pesanan\jimbo\TA\app\penjualan_HTSA_jimbo\vendor\codeigniter4\framework\system\CodeIgniter.php(312): CodeIgniter\CodeIgniter->handleRequest(NULL, Object(Config\Cache), false)
#9 C:\Users\Bon cabe\Documents\pesanan\jimbo\TA\app\penjualan_HTSA_jimbo\public\index.php(45): CodeIgniter\CodeIgniter->run()
#10 C:\Users\Bon cabe\Documents\pesanan\jimbo\TA\app\penjualan_HTSA_jimbo\vendor\codeigniter4\framework\system\Commands\Server\rewrite.php(34): require_once('C:\\Users\\Bon ca...')
#11 {main}
CRITICAL - 2021-04-04 01:04:47 --> Unknown column 'keranjang.id_pelanggan' in 'where clause'
#0 C:\Users\Bon cabe\Documents\pesanan\jimbo\TA\app\penjualan_HTSA_jimbo\vendor\codeigniter4\framework\system\Database\MySQLi\Connection.php(331): mysqli->query('DELETE FROM `de...')
#1 C:\Users\Bon cabe\Documents\pesanan\jimbo\TA\app\penjualan_HTSA_jimbo\vendor\codeigniter4\framework\system\Database\BaseConnection.php(741): CodeIgniter\Database\MySQLi\Connection->execute('DELETE FROM `de...')
#2 C:\Users\Bon cabe\Documents\pesanan\jimbo\TA\app\penjualan_HTSA_jimbo\vendor\codeigniter4\framework\system\Database\BaseConnection.php(669): CodeIgniter\Database\BaseConnection->simpleQuery('DELETE FROM `de...')
#3 C:\Users\Bon cabe\Documents\pesanan\jimbo\TA\app\penjualan_HTSA_jimbo\vendor\codeigniter4\framework\system\Database\BaseBuilder.php(2853): CodeIgniter\Database\BaseConnection->query('DELETE FROM `de...', Array, false)
#4 C:\Users\Bon cabe\Documents\pesanan\jimbo\TA\app\penjualan_HTSA_jimbo\app\Models\KeranjangDetailModel.php(119): CodeIgniter\Database\BaseBuilder->delete()
#5 C:\Users\Bon cabe\Documents\pesanan\jimbo\TA\app\penjualan_HTSA_jimbo\app\Controllers\Produk.php(69): App\Models\KeranjangDetailModel->hapus('PEL-0820-001')
#6 C:\Users\Bon cabe\Documents\pesanan\jimbo\TA\app\penjualan_HTSA_jimbo\vendor\codeigniter4\framework\system\CodeIgniter.php(918): App\Controllers\Produk->checkout()
#7 C:\Users\Bon cabe\Documents\pesanan\jimbo\TA\app\penjualan_HTSA_jimbo\vendor\codeigniter4\framework\system\CodeIgniter.php(404): CodeIgniter\CodeIgniter->runController(Object(App\Controllers\Produk))
#8 C:\Users\Bon cabe\Documents\pesanan\jimbo\TA\app\penjualan_HTSA_jimbo\vendor\codeigniter4\framework\system\CodeIgniter.php(312): CodeIgniter\CodeIgniter->handleRequest(NULL, Object(Config\Cache), false)
#9 C:\Users\Bon cabe\Documents\pesanan\jimbo\TA\app\penjualan_HTSA_jimbo\public\index.php(45): CodeIgniter\CodeIgniter->run()
#10 C:\Users\Bon cabe\Documents\pesanan\jimbo\TA\app\penjualan_HTSA_jimbo\vendor\codeigniter4\framework\system\Commands\Server\rewrite.php(34): require_once('C:\\Users\\Bon ca...')
#11 {main}
CRITICAL - 2021-04-04 01:08:27 --> Unknown column 'id_pelanggan' in 'where clause'
#0 C:\Users\Bon cabe\Documents\pesanan\jimbo\TA\app\penjualan_HTSA_jimbo\vendor\codeigniter4\framework\system\Database\MySQLi\Connection.php(331): mysqli->query('DELETE FROM `de...')
#1 C:\Users\Bon cabe\Documents\pesanan\jimbo\TA\app\penjualan_HTSA_jimbo\vendor\codeigniter4\framework\system\Database\BaseConnection.php(741): CodeIgniter\Database\MySQLi\Connection->execute('DELETE FROM `de...')
#2 C:\Users\Bon cabe\Documents\pesanan\jimbo\TA\app\penjualan_HTSA_jimbo\vendor\codeigniter4\framework\system\Database\BaseConnection.php(669): CodeIgniter\Database\BaseConnection->simpleQuery('DELETE FROM `de...')
#3 C:\Users\Bon cabe\Documents\pesanan\jimbo\TA\app\penjualan_HTSA_jimbo\vendor\codeigniter4\framework\system\Database\BaseBuilder.php(2853): CodeIgniter\Database\BaseConnection->query('DELETE FROM `de...', Array, false)
#4 C:\Users\Bon cabe\Documents\pesanan\jimbo\TA\app\penjualan_HTSA_jimbo\app\Models\KeranjangDetailModel.php(119): CodeIgniter\Database\BaseBuilder->delete()
#5 C:\Users\Bon cabe\Documents\pesanan\jimbo\TA\app\penjualan_HTSA_jimbo\app\Controllers\Produk.php(69): App\Models\KeranjangDetailModel->hapus('PEL-0820-001')
#6 C:\Users\Bon cabe\Documents\pesanan\jimbo\TA\app\penjualan_HTSA_jimbo\vendor\codeigniter4\framework\system\CodeIgniter.php(918): App\Controllers\Produk->checkout()
#7 C:\Users\Bon cabe\Documents\pesanan\jimbo\TA\app\penjualan_HTSA_jimbo\vendor\codeigniter4\framework\system\CodeIgniter.php(404): CodeIgniter\CodeIgniter->runController(Object(App\Controllers\Produk))
#8 C:\Users\Bon cabe\Documents\pesanan\jimbo\TA\app\penjualan_HTSA_jimbo\vendor\codeigniter4\framework\system\CodeIgniter.php(312): CodeIgniter\CodeIgniter->handleRequest(NULL, Object(Config\Cache), false)
#9 C:\Users\Bon cabe\Documents\pesanan\jimbo\TA\app\penjualan_HTSA_jimbo\public\index.php(45): CodeIgniter\CodeIgniter->run()
#10 C:\Users\Bon cabe\Documents\pesanan\jimbo\TA\app\penjualan_HTSA_jimbo\vendor\codeigniter4\framework\system\Commands\Server\rewrite.php(34): require_once('C:\\Users\\Bon ca...')
#11 {main}
CRITICAL - 2021-04-04 01:11:08 --> Unknown column 'id_pelanggan' in 'where clause'
#0 C:\Users\Bon cabe\Documents\pesanan\jimbo\TA\app\penjualan_HTSA_jimbo\vendor\codeigniter4\framework\system\Database\MySQLi\Connection.php(331): mysqli->query('DELETE FROM `de...')
#1 C:\Users\Bon cabe\Documents\pesanan\jimbo\TA\app\penjualan_HTSA_jimbo\vendor\codeigniter4\framework\system\Database\BaseConnection.php(741): CodeIgniter\Database\MySQLi\Connection->execute('DELETE FROM `de...')
#2 C:\Users\Bon cabe\Documents\pesanan\jimbo\TA\app\penjualan_HTSA_jimbo\vendor\codeigniter4\framework\system\Database\BaseConnection.php(669): CodeIgniter\Database\BaseConnection->simpleQuery('DELETE FROM `de...')
#3 C:\Users\Bon cabe\Documents\pesanan\jimbo\TA\app\penjualan_HTSA_jimbo\vendor\codeigniter4\framework\system\Database\BaseBuilder.php(2853): CodeIgniter\Database\BaseConnection->query('DELETE FROM `de...', Array, false)
#4 C:\Users\Bon cabe\Documents\pesanan\jimbo\TA\app\penjualan_HTSA_jimbo\app\Models\KeranjangDetailModel.php(119): CodeIgniter\Database\BaseBuilder->delete()
#5 C:\Users\Bon cabe\Documents\pesanan\jimbo\TA\app\penjualan_HTSA_jimbo\app\Controllers\Produk.php(69): App\Models\KeranjangDetailModel->hapus()
#6 C:\Users\Bon cabe\Documents\pesanan\jimbo\TA\app\penjualan_HTSA_jimbo\vendor\codeigniter4\framework\system\CodeIgniter.php(918): App\Controllers\Produk->checkout()
#7 C:\Users\Bon cabe\Documents\pesanan\jimbo\TA\app\penjualan_HTSA_jimbo\vendor\codeigniter4\framework\system\CodeIgniter.php(404): CodeIgniter\CodeIgniter->runController(Object(App\Controllers\Produk))
#8 C:\Users\Bon cabe\Documents\pesanan\jimbo\TA\app\penjualan_HTSA_jimbo\vendor\codeigniter4\framework\system\CodeIgniter.php(312): CodeIgniter\CodeIgniter->handleRequest(NULL, Object(Config\Cache), false)
#9 C:\Users\Bon cabe\Documents\pesanan\jimbo\TA\app\penjualan_HTSA_jimbo\public\index.php(45): CodeIgniter\CodeIgniter->run()
#10 C:\Users\Bon cabe\Documents\pesanan\jimbo\TA\app\penjualan_HTSA_jimbo\vendor\codeigniter4\framework\system\Commands\Server\rewrite.php(34): require_once('C:\\Users\\Bon ca...')
#11 {main}
