CRITICAL - 2021-06-05 07:47:17 --> Trying to access array offset on value of type null
#0 C:\Users\Bon cabe\Documents\pesanan\jimbo\TA\app\penjualan_HTSA_jimbo\app\Views\frontend\pages\detail.php(12): CodeIgniter\Debug\Exceptions->errorHandler(8, 'Trying to acces...', 'C:\\Users\\Bon ca...', 12, Array)
#1 C:\Users\Bon cabe\Documents\pesanan\jimbo\TA\app\penjualan_HTSA_jimbo\vendor\codeigniter4\framework\system\View\View.php(230): include('C:\\Users\\Bon ca...')
#2 C:\Users\Bon cabe\Documents\pesanan\jimbo\TA\app\penjualan_HTSA_jimbo\vendor\codeigniter4\framework\system\View\View.php(232): CodeIgniter\View\View->CodeIgniter\View\{closure}()
#3 C:\Users\Bon cabe\Documents\pesanan\jimbo\TA\app\penjualan_HTSA_jimbo\vendor\codeigniter4\framework\system\Common.php(1250): CodeIgniter\View\View->render('frontend/pages/...', Array, true)
#4 C:\Users\Bon cabe\Documents\pesanan\jimbo\TA\app\penjualan_HTSA_jimbo\app\Controllers\Produk.php(41): view('frontend/pages/...', Array)
#5 C:\Users\Bon cabe\Documents\pesanan\jimbo\TA\app\penjualan_HTSA_jimbo\vendor\codeigniter4\framework\system\CodeIgniter.php(931): App\Controllers\Produk->index('backend', 'plugins', 'bootstrap', 'js', 'bootstrap.bundl...')
#6 C:\Users\Bon cabe\Documents\pesanan\jimbo\TA\app\penjualan_HTSA_jimbo\vendor\codeigniter4\framework\system\CodeIgniter.php(439): CodeIgniter\CodeIgniter->runController(Object(App\Controllers\Produk))
#7 C:\Users\Bon cabe\Documents\pesanan\jimbo\TA\app\penjualan_HTSA_jimbo\vendor\codeigniter4\framework\system\CodeIgniter.php(339): CodeIgniter\CodeIgniter->handleRequest(NULL, Object(Config\Cache), false)
#8 C:\Users\Bon cabe\Documents\pesanan\jimbo\TA\app\penjualan_HTSA_jimbo\public\index.php(45): CodeIgniter\CodeIgniter->run()
#9 C:\Users\Bon cabe\Documents\pesanan\jimbo\TA\app\penjualan_HTSA_jimbo\vendor\codeigniter4\framework\system\Commands\Server\rewrite.php(45): require_once('C:\\Users\\Bon ca...')
#10 {main}
CRITICAL - 2021-06-05 07:47:17 --> Trying to access array offset on value of type null
#0 C:\Users\Bon cabe\Documents\pesanan\jimbo\TA\app\penjualan_HTSA_jimbo\app\Views\frontend\pages\detail.php(12): CodeIgniter\Debug\Exceptions->errorHandler(8, 'Trying to acces...', 'C:\\Users\\Bon ca...', 12, Array)
#1 C:\Users\Bon cabe\Documents\pesanan\jimbo\TA\app\penjualan_HTSA_jimbo\vendor\codeigniter4\framework\system\View\View.php(230): include('C:\\Users\\Bon ca...')
#2 C:\Users\Bon cabe\Documents\pesanan\jimbo\TA\app\penjualan_HTSA_jimbo\vendor\codeigniter4\framework\system\View\View.php(232): CodeIgniter\View\View->CodeIgniter\View\{closure}()
#3 C:\Users\Bon cabe\Documents\pesanan\jimbo\TA\app\penjualan_HTSA_jimbo\vendor\codeigniter4\framework\system\Common.php(1250): CodeIgniter\View\View->render('frontend/pages/...', Array, true)
#4 C:\Users\Bon cabe\Documents\pesanan\jimbo\TA\app\penjualan_HTSA_jimbo\app\Controllers\Produk.php(41): view('frontend/pages/...', Array)
#5 C:\Users\Bon cabe\Documents\pesanan\jimbo\TA\app\penjualan_HTSA_jimbo\vendor\codeigniter4\framework\system\CodeIgniter.php(931): App\Controllers\Produk->index('backend', 'dist', 'js', 'adminlte.min.js')
#6 C:\Users\Bon cabe\Documents\pesanan\jimbo\TA\app\penjualan_HTSA_jimbo\vendor\codeigniter4\framework\system\CodeIgniter.php(439): CodeIgniter\CodeIgniter->runController(Object(App\Controllers\Produk))
#7 C:\Users\Bon cabe\Documents\pesanan\jimbo\TA\app\penjualan_HTSA_jimbo\vendor\codeigniter4\framework\system\CodeIgniter.php(339): CodeIgniter\CodeIgniter->handleRequest(NULL, Object(Config\Cache), false)
#8 C:\Users\Bon cabe\Documents\pesanan\jimbo\TA\app\penjualan_HTSA_jimbo\public\index.php(45): CodeIgniter\CodeIgniter->run()
#9 C:\Users\Bon cabe\Documents\pesanan\jimbo\TA\app\penjualan_HTSA_jimbo\vendor\codeigniter4\framework\system\Commands\Server\rewrite.php(45): require_once('C:\\Users\\Bon ca...')
#10 {main}
CRITICAL - 2021-06-05 07:47:18 --> Trying to access array offset on value of type null
#0 C:\Users\Bon cabe\Documents\pesanan\jimbo\TA\app\penjualan_HTSA_jimbo\app\Views\frontend\pages\detail.php(12): CodeIgniter\Debug\Exceptions->errorHandler(8, 'Trying to acces...', 'C:\\Users\\Bon ca...', 12, Array)
#1 C:\Users\Bon cabe\Documents\pesanan\jimbo\TA\app\penjualan_HTSA_jimbo\vendor\codeigniter4\framework\system\View\View.php(230): include('C:\\Users\\Bon ca...')
#2 C:\Users\Bon cabe\Documents\pesanan\jimbo\TA\app\penjualan_HTSA_jimbo\vendor\codeigniter4\framework\system\View\View.php(232): CodeIgniter\View\View->CodeIgniter\View\{closure}()
#3 C:\Users\Bon cabe\Documents\pesanan\jimbo\TA\app\penjualan_HTSA_jimbo\vendor\codeigniter4\framework\system\Common.php(1250): CodeIgniter\View\View->render('frontend/pages/...', Array, true)
#4 C:\Users\Bon cabe\Documents\pesanan\jimbo\TA\app\penjualan_HTSA_jimbo\app\Controllers\Produk.php(41): view('frontend/pages/...', Array)
#5 C:\Users\Bon cabe\Documents\pesanan\jimbo\TA\app\penjualan_HTSA_jimbo\vendor\codeigniter4\framework\system\CodeIgniter.php(931): App\Controllers\Produk->index('backend', 'dist', 'js', 'demo.js')
#6 C:\Users\Bon cabe\Documents\pesanan\jimbo\TA\app\penjualan_HTSA_jimbo\vendor\codeigniter4\framework\system\CodeIgniter.php(439): CodeIgniter\CodeIgniter->runController(Object(App\Controllers\Produk))
#7 C:\Users\Bon cabe\Documents\pesanan\jimbo\TA\app\penjualan_HTSA_jimbo\vendor\codeigniter4\framework\system\CodeIgniter.php(339): CodeIgniter\CodeIgniter->handleRequest(NULL, Object(Config\Cache), false)
#8 C:\Users\Bon cabe\Documents\pesanan\jimbo\TA\app\penjualan_HTSA_jimbo\public\index.php(45): CodeIgniter\CodeIgniter->run()
#9 C:\Users\Bon cabe\Documents\pesanan\jimbo\TA\app\penjualan_HTSA_jimbo\vendor\codeigniter4\framework\system\Commands\Server\rewrite.php(45): require_once('C:\\Users\\Bon ca...')
#10 {main}
CRITICAL - 2021-06-05 07:47:18 --> Trying to access array offset on value of type null
#0 C:\Users\Bon cabe\Documents\pesanan\jimbo\TA\app\penjualan_HTSA_jimbo\app\Views\frontend\pages\detail.php(12): CodeIgniter\Debug\Exceptions->errorHandler(8, 'Trying to acces...', 'C:\\Users\\Bon ca...', 12, Array)
#1 C:\Users\Bon cabe\Documents\pesanan\jimbo\TA\app\penjualan_HTSA_jimbo\vendor\codeigniter4\framework\system\View\View.php(230): include('C:\\Users\\Bon ca...')
#2 C:\Users\Bon cabe\Documents\pesanan\jimbo\TA\app\penjualan_HTSA_jimbo\vendor\codeigniter4\framework\system\View\View.php(232): CodeIgniter\View\View->CodeIgniter\View\{closure}()
#3 C:\Users\Bon cabe\Documents\pesanan\jimbo\TA\app\penjualan_HTSA_jimbo\vendor\codeigniter4\framework\system\Common.php(1250): CodeIgniter\View\View->render('frontend/pages/...', Array, true)
#4 C:\Users\Bon cabe\Documents\pesanan\jimbo\TA\app\penjualan_HTSA_jimbo\app\Controllers\Produk.php(41): view('frontend/pages/...', Array)
#5 C:\Users\Bon cabe\Documents\pesanan\jimbo\TA\app\penjualan_HTSA_jimbo\vendor\codeigniter4\framework\system\CodeIgniter.php(931): App\Controllers\Produk->index('frontend', 'img', 'logo.png')
#6 C:\Users\Bon cabe\Documents\pesanan\jimbo\TA\app\penjualan_HTSA_jimbo\vendor\codeigniter4\framework\system\CodeIgniter.php(439): CodeIgniter\CodeIgniter->runController(Object(App\Controllers\Produk))
#7 C:\Users\Bon cabe\Documents\pesanan\jimbo\TA\app\penjualan_HTSA_jimbo\vendor\codeigniter4\framework\system\CodeIgniter.php(339): CodeIgniter\CodeIgniter->handleRequest(NULL, Object(Config\Cache), false)
#8 C:\Users\Bon cabe\Documents\pesanan\jimbo\TA\app\penjualan_HTSA_jimbo\public\index.php(45): CodeIgniter\CodeIgniter->run()
#9 C:\Users\Bon cabe\Documents\pesanan\jimbo\TA\app\penjualan_HTSA_jimbo\vendor\codeigniter4\framework\system\Commands\Server\rewrite.php(45): require_once('C:\\Users\\Bon ca...')
#10 {main}
CRITICAL - 2021-06-05 07:47:19 --> Trying to access array offset on value of type null
#0 C:\Users\Bon cabe\Documents\pesanan\jimbo\TA\app\penjualan_HTSA_jimbo\app\Views\frontend\pages\detail.php(12): CodeIgniter\Debug\Exceptions->errorHandler(8, 'Trying to acces...', 'C:\\Users\\Bon ca...', 12, Array)
#1 C:\Users\Bon cabe\Documents\pesanan\jimbo\TA\app\penjualan_HTSA_jimbo\vendor\codeigniter4\framework\system\View\View.php(230): include('C:\\Users\\Bon ca...')
#2 C:\Users\Bon cabe\Documents\pesanan\jimbo\TA\app\penjualan_HTSA_jimbo\vendor\codeigniter4\framework\system\View\View.php(232): CodeIgniter\View\View->CodeIgniter\View\{closure}()
#3 C:\Users\Bon cabe\Documents\pesanan\jimbo\TA\app\penjualan_HTSA_jimbo\vendor\codeigniter4\framework\system\Common.php(1250): CodeIgniter\View\View->render('frontend/pages/...', Array, true)
#4 C:\Users\Bon cabe\Documents\pesanan\jimbo\TA\app\penjualan_HTSA_jimbo\app\Controllers\Produk.php(41): view('frontend/pages/...', Array)
#5 C:\Users\Bon cabe\Documents\pesanan\jimbo\TA\app\penjualan_HTSA_jimbo\vendor\codeigniter4\framework\system\CodeIgniter.php(931): App\Controllers\Produk->index('backend', 'plugins', 'bootstrap', 'js', 'bootstrap.bundl...')
#6 C:\Users\Bon cabe\Documents\pesanan\jimbo\TA\app\penjualan_HTSA_jimbo\vendor\codeigniter4\framework\system\CodeIgniter.php(439): CodeIgniter\CodeIgniter->runController(Object(App\Controllers\Produk))
#7 C:\Users\Bon cabe\Documents\pesanan\jimbo\TA\app\penjualan_HTSA_jimbo\vendor\codeigniter4\framework\system\CodeIgniter.php(339): CodeIgniter\CodeIgniter->handleRequest(NULL, Object(Config\Cache), false)
#8 C:\Users\Bon cabe\Documents\pesanan\jimbo\TA\app\penjualan_HTSA_jimbo\public\index.php(45): CodeIgniter\CodeIgniter->run()
#9 C:\Users\Bon cabe\Documents\pesanan\jimbo\TA\app\penjualan_HTSA_jimbo\vendor\codeigniter4\framework\system\Commands\Server\rewrite.php(45): require_once('C:\\Users\\Bon ca...')
#10 {main}
CRITICAL - 2021-06-05 07:47:19 --> Trying to access array offset on value of type null
#0 C:\Users\Bon cabe\Documents\pesanan\jimbo\TA\app\penjualan_HTSA_jimbo\app\Views\frontend\pages\detail.php(12): CodeIgniter\Debug\Exceptions->errorHandler(8, 'Trying to acces...', 'C:\\Users\\Bon ca...', 12, Array)
#1 C:\Users\Bon cabe\Documents\pesanan\jimbo\TA\app\penjualan_HTSA_jimbo\vendor\codeigniter4\framework\system\View\View.php(230): include('C:\\Users\\Bon ca...')
#2 C:\Users\Bon cabe\Documents\pesanan\jimbo\TA\app\penjualan_HTSA_jimbo\vendor\codeigniter4\framework\system\View\View.php(232): CodeIgniter\View\View->CodeIgniter\View\{closure}()
#3 C:\Users\Bon cabe\Documents\pesanan\jimbo\TA\app\penjualan_HTSA_jimbo\vendor\codeigniter4\framework\system\Common.php(1250): CodeIgniter\View\View->render('frontend/pages/...', Array, true)
#4 C:\Users\Bon cabe\Documents\pesanan\jimbo\TA\app\penjualan_HTSA_jimbo\app\Controllers\Produk.php(41): view('frontend/pages/...', Array)
#5 C:\Users\Bon cabe\Documents\pesanan\jimbo\TA\app\penjualan_HTSA_jimbo\vendor\codeigniter4\framework\system\CodeIgniter.php(931): App\Controllers\Produk->index('backend', 'dist', 'js', 'adminlte.min.js')
#6 C:\Users\Bon cabe\Documents\pesanan\jimbo\TA\app\penjualan_HTSA_jimbo\vendor\codeigniter4\framework\system\CodeIgniter.php(439): CodeIgniter\CodeIgniter->runController(Object(App\Controllers\Produk))
#7 C:\Users\Bon cabe\Documents\pesanan\jimbo\TA\app\penjualan_HTSA_jimbo\vendor\codeigniter4\framework\system\CodeIgniter.php(339): CodeIgniter\CodeIgniter->handleRequest(NULL, Object(Config\Cache), false)
#8 C:\Users\Bon cabe\Documents\pesanan\jimbo\TA\app\penjualan_HTSA_jimbo\public\index.php(45): CodeIgniter\CodeIgniter->run()
#9 C:\Users\Bon cabe\Documents\pesanan\jimbo\TA\app\penjualan_HTSA_jimbo\vendor\codeigniter4\framework\system\Commands\Server\rewrite.php(45): require_once('C:\\Users\\Bon ca...')
#10 {main}
CRITICAL - 2021-06-05 07:47:19 --> Trying to access array offset on value of type null
#0 C:\Users\Bon cabe\Documents\pesanan\jimbo\TA\app\penjualan_HTSA_jimbo\app\Views\frontend\pages\detail.php(12): CodeIgniter\Debug\Exceptions->errorHandler(8, 'Trying to acces...', 'C:\\Users\\Bon ca...', 12, Array)
#1 C:\Users\Bon cabe\Documents\pesanan\jimbo\TA\app\penjualan_HTSA_jimbo\vendor\codeigniter4\framework\system\View\View.php(230): include('C:\\Users\\Bon ca...')
#2 C:\Users\Bon cabe\Documents\pesanan\jimbo\TA\app\penjualan_HTSA_jimbo\vendor\codeigniter4\framework\system\View\View.php(232): CodeIgniter\View\View->CodeIgniter\View\{closure}()
#3 C:\Users\Bon cabe\Documents\pesanan\jimbo\TA\app\penjualan_HTSA_jimbo\vendor\codeigniter4\framework\system\Common.php(1250): CodeIgniter\View\View->render('frontend/pages/...', Array, true)
#4 C:\Users\Bon cabe\Documents\pesanan\jimbo\TA\app\penjualan_HTSA_jimbo\app\Controllers\Produk.php(41): view('frontend/pages/...', Array)
#5 C:\Users\Bon cabe\Documents\pesanan\jimbo\TA\app\penjualan_HTSA_jimbo\vendor\codeigniter4\framework\system\CodeIgniter.php(931): App\Controllers\Produk->index('backend', 'dist', 'js', 'demo.js')
#6 C:\Users\Bon cabe\Documents\pesanan\jimbo\TA\app\penjualan_HTSA_jimbo\vendor\codeigniter4\framework\system\CodeIgniter.php(439): CodeIgniter\CodeIgniter->runController(Object(App\Controllers\Produk))
#7 C:\Users\Bon cabe\Documents\pesanan\jimbo\TA\app\penjualan_HTSA_jimbo\vendor\codeigniter4\framework\system\CodeIgniter.php(339): CodeIgniter\CodeIgniter->handleRequest(NULL, Object(Config\Cache), false)
#8 C:\Users\Bon cabe\Documents\pesanan\jimbo\TA\app\penjualan_HTSA_jimbo\public\index.php(45): CodeIgniter\CodeIgniter->run()
#9 C:\Users\Bon cabe\Documents\pesanan\jimbo\TA\app\penjualan_HTSA_jimbo\vendor\codeigniter4\framework\system\Commands\Server\rewrite.php(45): require_once('C:\\Users\\Bon ca...')
#10 {main}
CRITICAL - 2021-06-05 08:05:18 --> Trying to access array offset on value of type null
#0 C:\Users\Bon cabe\Documents\pesanan\jimbo\TA\app\penjualan_HTSA_jimbo\app\Views\frontend\pages\detail.php(12): CodeIgniter\Debug\Exceptions->errorHandler(8, 'Trying to acces...', 'C:\\Users\\Bon ca...', 12, Array)
#1 C:\Users\Bon cabe\Documents\pesanan\jimbo\TA\app\penjualan_HTSA_jimbo\vendor\codeigniter4\framework\system\View\View.php(230): include('C:\\Users\\Bon ca...')
#2 C:\Users\Bon cabe\Documents\pesanan\jimbo\TA\app\penjualan_HTSA_jimbo\vendor\codeigniter4\framework\system\View\View.php(232): CodeIgniter\View\View->CodeIgniter\View\{closure}()
#3 C:\Users\Bon cabe\Documents\pesanan\jimbo\TA\app\penjualan_HTSA_jimbo\vendor\codeigniter4\framework\system\Common.php(1250): CodeIgniter\View\View->render('frontend/pages/...', Array, true)
#4 C:\Users\Bon cabe\Documents\pesanan\jimbo\TA\app\penjualan_HTSA_jimbo\app\Controllers\Produk.php(41): view('frontend/pages/...', Array)
#5 C:\Users\Bon cabe\Documents\pesanan\jimbo\TA\app\penjualan_HTSA_jimbo\vendor\codeigniter4\framework\system\CodeIgniter.php(931): App\Controllers\Produk->index('backend', 'plugins', 'bootstrap', 'js', 'bootstrap.bundl...')
#6 C:\Users\Bon cabe\Documents\pesanan\jimbo\TA\app\penjualan_HTSA_jimbo\vendor\codeigniter4\framework\system\CodeIgniter.php(439): CodeIgniter\CodeIgniter->runController(Object(App\Controllers\Produk))
#7 C:\Users\Bon cabe\Documents\pesanan\jimbo\TA\app\penjualan_HTSA_jimbo\vendor\codeigniter4\framework\system\CodeIgniter.php(339): CodeIgniter\CodeIgniter->handleRequest(NULL, Object(Config\Cache), false)
#8 C:\Users\Bon cabe\Documents\pesanan\jimbo\TA\app\penjualan_HTSA_jimbo\public\index.php(45): CodeIgniter\CodeIgniter->run()
#9 C:\Users\Bon cabe\Documents\pesanan\jimbo\TA\app\penjualan_HTSA_jimbo\vendor\codeigniter4\framework\system\Commands\Server\rewrite.php(45): require_once('C:\\Users\\Bon ca...')
#10 {main}
CRITICAL - 2021-06-05 08:05:18 --> Trying to access array offset on value of type null
#0 C:\Users\Bon cabe\Documents\pesanan\jimbo\TA\app\penjualan_HTSA_jimbo\app\Views\frontend\pages\detail.php(12): CodeIgniter\Debug\Exceptions->errorHandler(8, 'Trying to acces...', 'C:\\Users\\Bon ca...', 12, Array)
#1 C:\Users\Bon cabe\Documents\pesanan\jimbo\TA\app\penjualan_HTSA_jimbo\vendor\codeigniter4\framework\system\View\View.php(230): include('C:\\Users\\Bon ca...')
#2 C:\Users\Bon cabe\Documents\pesanan\jimbo\TA\app\penjualan_HTSA_jimbo\vendor\codeigniter4\framework\system\View\View.php(232): CodeIgniter\View\View->CodeIgniter\View\{closure}()
#3 C:\Users\Bon cabe\Documents\pesanan\jimbo\TA\app\penjualan_HTSA_jimbo\vendor\codeigniter4\framework\system\Common.php(1250): CodeIgniter\View\View->render('frontend/pages/...', Array, true)
#4 C:\Users\Bon cabe\Documents\pesanan\jimbo\TA\app\penjualan_HTSA_jimbo\app\Controllers\Produk.php(41): view('frontend/pages/...', Array)
#5 C:\Users\Bon cabe\Documents\pesanan\jimbo\TA\app\penjualan_HTSA_jimbo\vendor\codeigniter4\framework\system\CodeIgniter.php(931): App\Controllers\Produk->index('backend', 'dist', 'js', 'adminlte.min.js')
#6 C:\Users\Bon cabe\Documents\pesanan\jimbo\TA\app\penjualan_HTSA_jimbo\vendor\codeigniter4\framework\system\CodeIgniter.php(439): CodeIgniter\CodeIgniter->runController(Object(App\Controllers\Produk))
#7 C:\Users\Bon cabe\Documents\pesanan\jimbo\TA\app\penjualan_HTSA_jimbo\vendor\codeigniter4\framework\system\CodeIgniter.php(339): CodeIgniter\CodeIgniter->handleRequest(NULL, Object(Config\Cache), false)
#8 C:\Users\Bon cabe\Documents\pesanan\jimbo\TA\app\penjualan_HTSA_jimbo\public\index.php(45): CodeIgniter\CodeIgniter->run()
#9 C:\Users\Bon cabe\Documents\pesanan\jimbo\TA\app\penjualan_HTSA_jimbo\vendor\codeigniter4\framework\system\Commands\Server\rewrite.php(45): require_once('C:\\Users\\Bon ca...')
#10 {main}
CRITICAL - 2021-06-05 08:05:19 --> Trying to access array offset on value of type null
#0 C:\Users\Bon cabe\Documents\pesanan\jimbo\TA\app\penjualan_HTSA_jimbo\app\Views\frontend\pages\detail.php(12): CodeIgniter\Debug\Exceptions->errorHandler(8, 'Trying to acces...', 'C:\\Users\\Bon ca...', 12, Array)
#1 C:\Users\Bon cabe\Documents\pesanan\jimbo\TA\app\penjualan_HTSA_jimbo\vendor\codeigniter4\framework\system\View\View.php(230): include('C:\\Users\\Bon ca...')
#2 C:\Users\Bon cabe\Documents\pesanan\jimbo\TA\app\penjualan_HTSA_jimbo\vendor\codeigniter4\framework\system\View\View.php(232): CodeIgniter\View\View->CodeIgniter\View\{closure}()
#3 C:\Users\Bon cabe\Documents\pesanan\jimbo\TA\app\penjualan_HTSA_jimbo\vendor\codeigniter4\framework\system\Common.php(1250): CodeIgniter\View\View->render('frontend/pages/...', Array, true)
#4 C:\Users\Bon cabe\Documents\pesanan\jimbo\TA\app\penjualan_HTSA_jimbo\app\Controllers\Produk.php(41): view('frontend/pages/...', Array)
#5 C:\Users\Bon cabe\Documents\pesanan\jimbo\TA\app\penjualan_HTSA_jimbo\vendor\codeigniter4\framework\system\CodeIgniter.php(931): App\Controllers\Produk->index('backend', 'dist', 'js', 'demo.js')
#6 C:\Users\Bon cabe\Documents\pesanan\jimbo\TA\app\penjualan_HTSA_jimbo\vendor\codeigniter4\framework\system\CodeIgniter.php(439): CodeIgniter\CodeIgniter->runController(Object(App\Controllers\Produk))
#7 C:\Users\Bon cabe\Documents\pesanan\jimbo\TA\app\penjualan_HTSA_jimbo\vendor\codeigniter4\framework\system\CodeIgniter.php(339): CodeIgniter\CodeIgniter->handleRequest(NULL, Object(Config\Cache), false)
#8 C:\Users\Bon cabe\Documents\pesanan\jimbo\TA\app\penjualan_HTSA_jimbo\public\index.php(45): CodeIgniter\CodeIgniter->run()
#9 C:\Users\Bon cabe\Documents\pesanan\jimbo\TA\app\penjualan_HTSA_jimbo\vendor\codeigniter4\framework\system\Commands\Server\rewrite.php(45): require_once('C:\\Users\\Bon ca...')
#10 {main}
CRITICAL - 2021-06-05 08:05:19 --> Trying to access array offset on value of type null
#0 C:\Users\Bon cabe\Documents\pesanan\jimbo\TA\app\penjualan_HTSA_jimbo\app\Views\frontend\pages\detail.php(12): CodeIgniter\Debug\Exceptions->errorHandler(8, 'Trying to acces...', 'C:\\Users\\Bon ca...', 12, Array)
#1 C:\Users\Bon cabe\Documents\pesanan\jimbo\TA\app\penjualan_HTSA_jimbo\vendor\codeigniter4\framework\system\View\View.php(230): include('C:\\Users\\Bon ca...')
#2 C:\Users\Bon cabe\Documents\pesanan\jimbo\TA\app\penjualan_HTSA_jimbo\vendor\codeigniter4\framework\system\View\View.php(232): CodeIgniter\View\View->CodeIgniter\View\{closure}()
#3 C:\Users\Bon cabe\Documents\pesanan\jimbo\TA\app\penjualan_HTSA_jimbo\vendor\codeigniter4\framework\system\Common.php(1250): CodeIgniter\View\View->render('frontend/pages/...', Array, true)
#4 C:\Users\Bon cabe\Documents\pesanan\jimbo\TA\app\penjualan_HTSA_jimbo\app\Controllers\Produk.php(41): view('frontend/pages/...', Array)
#5 C:\Users\Bon cabe\Documents\pesanan\jimbo\TA\app\penjualan_HTSA_jimbo\vendor\codeigniter4\framework\system\CodeIgniter.php(931): App\Controllers\Produk->index('frontend', 'img', 'logo.png')
#6 C:\Users\Bon cabe\Documents\pesanan\jimbo\TA\app\penjualan_HTSA_jimbo\vendor\codeigniter4\framework\system\CodeIgniter.php(439): CodeIgniter\CodeIgniter->runController(Object(App\Controllers\Produk))
#7 C:\Users\Bon cabe\Documents\pesanan\jimbo\TA\app\penjualan_HTSA_jimbo\vendor\codeigniter4\framework\system\CodeIgniter.php(339): CodeIgniter\CodeIgniter->handleRequest(NULL, Object(Config\Cache), false)
#8 C:\Users\Bon cabe\Documents\pesanan\jimbo\TA\app\penjualan_HTSA_jimbo\public\index.php(45): CodeIgniter\CodeIgniter->run()
#9 C:\Users\Bon cabe\Documents\pesanan\jimbo\TA\app\penjualan_HTSA_jimbo\vendor\codeigniter4\framework\system\Commands\Server\rewrite.php(45): require_once('C:\\Users\\Bon ca...')
#10 {main}
CRITICAL - 2021-06-05 08:05:19 --> Trying to access array offset on value of type null
#0 C:\Users\Bon cabe\Documents\pesanan\jimbo\TA\app\penjualan_HTSA_jimbo\app\Views\frontend\pages\detail.php(12): CodeIgniter\Debug\Exceptions->errorHandler(8, 'Trying to acces...', 'C:\\Users\\Bon ca...', 12, Array)
#1 C:\Users\Bon cabe\Documents\pesanan\jimbo\TA\app\penjualan_HTSA_jimbo\vendor\codeigniter4\framework\system\View\View.php(230): include('C:\\Users\\Bon ca...')
#2 C:\Users\Bon cabe\Documents\pesanan\jimbo\TA\app\penjualan_HTSA_jimbo\vendor\codeigniter4\framework\system\View\View.php(232): CodeIgniter\View\View->CodeIgniter\View\{closure}()
#3 C:\Users\Bon cabe\Documents\pesanan\jimbo\TA\app\penjualan_HTSA_jimbo\vendor\codeigniter4\framework\system\Common.php(1250): CodeIgniter\View\View->render('frontend/pages/...', Array, true)
#4 C:\Users\Bon cabe\Documents\pesanan\jimbo\TA\app\penjualan_HTSA_jimbo\app\Controllers\Produk.php(41): view('frontend/pages/...', Array)
#5 C:\Users\Bon cabe\Documents\pesanan\jimbo\TA\app\penjualan_HTSA_jimbo\vendor\codeigniter4\framework\system\CodeIgniter.php(931): App\Controllers\Produk->index('backend', 'plugins', 'bootstrap', 'js', 'bootstrap.bundl...')
#6 C:\Users\Bon cabe\Documents\pesanan\jimbo\TA\app\penjualan_HTSA_jimbo\vendor\codeigniter4\framework\system\CodeIgniter.php(439): CodeIgniter\CodeIgniter->runController(Object(App\Controllers\Produk))
#7 C:\Users\Bon cabe\Documents\pesanan\jimbo\TA\app\penjualan_HTSA_jimbo\vendor\codeigniter4\framework\system\CodeIgniter.php(339): CodeIgniter\CodeIgniter->handleRequest(NULL, Object(Config\Cache), false)
#8 C:\Users\Bon cabe\Documents\pesanan\jimbo\TA\app\penjualan_HTSA_jimbo\public\index.php(45): CodeIgniter\CodeIgniter->run()
#9 C:\Users\Bon cabe\Documents\pesanan\jimbo\TA\app\penjualan_HTSA_jimbo\vendor\codeigniter4\framework\system\Commands\Server\rewrite.php(45): require_once('C:\\Users\\Bon ca...')
#10 {main}
CRITICAL - 2021-06-05 08:05:19 --> Trying to access array offset on value of type null
#0 C:\Users\Bon cabe\Documents\pesanan\jimbo\TA\app\penjualan_HTSA_jimbo\app\Views\frontend\pages\detail.php(12): CodeIgniter\Debug\Exceptions->errorHandler(8, 'Trying to acces...', 'C:\\Users\\Bon ca...', 12, Array)
#1 C:\Users\Bon cabe\Documents\pesanan\jimbo\TA\app\penjualan_HTSA_jimbo\vendor\codeigniter4\framework\system\View\View.php(230): include('C:\\Users\\Bon ca...')
#2 C:\Users\Bon cabe\Documents\pesanan\jimbo\TA\app\penjualan_HTSA_jimbo\vendor\codeigniter4\framework\system\View\View.php(232): CodeIgniter\View\View->CodeIgniter\View\{closure}()
#3 C:\Users\Bon cabe\Documents\pesanan\jimbo\TA\app\penjualan_HTSA_jimbo\vendor\codeigniter4\framework\system\Common.php(1250): CodeIgniter\View\View->render('frontend/pages/...', Array, true)
#4 C:\Users\Bon cabe\Documents\pesanan\jimbo\TA\app\penjualan_HTSA_jimbo\app\Controllers\Produk.php(41): view('frontend/pages/...', Array)
#5 C:\Users\Bon cabe\Documents\pesanan\jimbo\TA\app\penjualan_HTSA_jimbo\vendor\codeigniter4\framework\system\CodeIgniter.php(931): App\Controllers\Produk->index('backend', 'dist', 'js', 'adminlte.min.js')
#6 C:\Users\Bon cabe\Documents\pesanan\jimbo\TA\app\penjualan_HTSA_jimbo\vendor\codeigniter4\framework\system\CodeIgniter.php(439): CodeIgniter\CodeIgniter->runController(Object(App\Controllers\Produk))
#7 C:\Users\Bon cabe\Documents\pesanan\jimbo\TA\app\penjualan_HTSA_jimbo\vendor\codeigniter4\framework\system\CodeIgniter.php(339): CodeIgniter\CodeIgniter->handleRequest(NULL, Object(Config\Cache), false)
#8 C:\Users\Bon cabe\Documents\pesanan\jimbo\TA\app\penjualan_HTSA_jimbo\public\index.php(45): CodeIgniter\CodeIgniter->run()
#9 C:\Users\Bon cabe\Documents\pesanan\jimbo\TA\app\penjualan_HTSA_jimbo\vendor\codeigniter4\framework\system\Commands\Server\rewrite.php(45): require_once('C:\\Users\\Bon ca...')
#10 {main}
CRITICAL - 2021-06-05 08:05:19 --> Trying to access array offset on value of type null
#0 C:\Users\Bon cabe\Documents\pesanan\jimbo\TA\app\penjualan_HTSA_jimbo\app\Views\frontend\pages\detail.php(12): CodeIgniter\Debug\Exceptions->errorHandler(8, 'Trying to acces...', 'C:\\Users\\Bon ca...', 12, Array)
#1 C:\Users\Bon cabe\Documents\pesanan\jimbo\TA\app\penjualan_HTSA_jimbo\vendor\codeigniter4\framework\system\View\View.php(230): include('C:\\Users\\Bon ca...')
#2 C:\Users\Bon cabe\Documents\pesanan\jimbo\TA\app\penjualan_HTSA_jimbo\vendor\codeigniter4\framework\system\View\View.php(232): CodeIgniter\View\View->CodeIgniter\View\{closure}()
#3 C:\Users\Bon cabe\Documents\pesanan\jimbo\TA\app\penjualan_HTSA_jimbo\vendor\codeigniter4\framework\system\Common.php(1250): CodeIgniter\View\View->render('frontend/pages/...', Array, true)
#4 C:\Users\Bon cabe\Documents\pesanan\jimbo\TA\app\penjualan_HTSA_jimbo\app\Controllers\Produk.php(41): view('frontend/pages/...', Array)
#5 C:\Users\Bon cabe\Documents\pesanan\jimbo\TA\app\penjualan_HTSA_jimbo\vendor\codeigniter4\framework\system\CodeIgniter.php(931): App\Controllers\Produk->index('backend', 'dist', 'js', 'demo.js')
#6 C:\Users\Bon cabe\Documents\pesanan\jimbo\TA\app\penjualan_HTSA_jimbo\vendor\codeigniter4\framework\system\CodeIgniter.php(439): CodeIgniter\CodeIgniter->runController(Object(App\Controllers\Produk))
#7 C:\Users\Bon cabe\Documents\pesanan\jimbo\TA\app\penjualan_HTSA_jimbo\vendor\codeigniter4\framework\system\CodeIgniter.php(339): CodeIgniter\CodeIgniter->handleRequest(NULL, Object(Config\Cache), false)
#8 C:\Users\Bon cabe\Documents\pesanan\jimbo\TA\app\penjualan_HTSA_jimbo\public\index.php(45): CodeIgniter\CodeIgniter->run()
#9 C:\Users\Bon cabe\Documents\pesanan\jimbo\TA\app\penjualan_HTSA_jimbo\vendor\codeigniter4\framework\system\Commands\Server\rewrite.php(45): require_once('C:\\Users\\Bon ca...')
#10 {main}
CRITICAL - 2021-06-05 08:05:50 --> Trying to access array offset on value of type null
#0 C:\Users\Bon cabe\Documents\pesanan\jimbo\TA\app\penjualan_HTSA_jimbo\app\Views\frontend\pages\detail.php(12): CodeIgniter\Debug\Exceptions->errorHandler(8, 'Trying to acces...', 'C:\\Users\\Bon ca...', 12, Array)
#1 C:\Users\Bon cabe\Documents\pesanan\jimbo\TA\app\penjualan_HTSA_jimbo\vendor\codeigniter4\framework\system\View\View.php(230): include('C:\\Users\\Bon ca...')
#2 C:\Users\Bon cabe\Documents\pesanan\jimbo\TA\app\penjualan_HTSA_jimbo\vendor\codeigniter4\framework\system\View\View.php(232): CodeIgniter\View\View->CodeIgniter\View\{closure}()
#3 C:\Users\Bon cabe\Documents\pesanan\jimbo\TA\app\penjualan_HTSA_jimbo\vendor\codeigniter4\framework\system\Common.php(1250): CodeIgniter\View\View->render('frontend/pages/...', Array, true)
#4 C:\Users\Bon cabe\Documents\pesanan\jimbo\TA\app\penjualan_HTSA_jimbo\app\Controllers\Produk.php(41): view('frontend/pages/...', Array)
#5 C:\Users\Bon cabe\Documents\pesanan\jimbo\TA\app\penjualan_HTSA_jimbo\vendor\codeigniter4\framework\system\CodeIgniter.php(931): App\Controllers\Produk->index('backend', 'plugins', 'bootstrap', 'js', 'bootstrap.bundl...')
#6 C:\Users\Bon cabe\Documents\pesanan\jimbo\TA\app\penjualan_HTSA_jimbo\vendor\codeigniter4\framework\system\CodeIgniter.php(439): CodeIgniter\CodeIgniter->runController(Object(App\Controllers\Produk))
#7 C:\Users\Bon cabe\Documents\pesanan\jimbo\TA\app\penjualan_HTSA_jimbo\vendor\codeigniter4\framework\system\CodeIgniter.php(339): CodeIgniter\CodeIgniter->handleRequest(NULL, Object(Config\Cache), false)
#8 C:\Users\Bon cabe\Documents\pesanan\jimbo\TA\app\penjualan_HTSA_jimbo\public\index.php(45): CodeIgniter\CodeIgniter->run()
#9 C:\Users\Bon cabe\Documents\pesanan\jimbo\TA\app\penjualan_HTSA_jimbo\vendor\codeigniter4\framework\system\Commands\Server\rewrite.php(45): require_once('C:\\Users\\Bon ca...')
#10 {main}
CRITICAL - 2021-06-05 08:05:50 --> Trying to access array offset on value of type null
#0 C:\Users\Bon cabe\Documents\pesanan\jimbo\TA\app\penjualan_HTSA_jimbo\app\Views\frontend\pages\detail.php(12): CodeIgniter\Debug\Exceptions->errorHandler(8, 'Trying to acces...', 'C:\\Users\\Bon ca...', 12, Array)
#1 C:\Users\Bon cabe\Documents\pesanan\jimbo\TA\app\penjualan_HTSA_jimbo\vendor\codeigniter4\framework\system\View\View.php(230): include('C:\\Users\\Bon ca...')
#2 C:\Users\Bon cabe\Documents\pesanan\jimbo\TA\app\penjualan_HTSA_jimbo\vendor\codeigniter4\framework\system\View\View.php(232): CodeIgniter\View\View->CodeIgniter\View\{closure}()
#3 C:\Users\Bon cabe\Documents\pesanan\jimbo\TA\app\penjualan_HTSA_jimbo\vendor\codeigniter4\framework\system\Common.php(1250): CodeIgniter\View\View->render('frontend/pages/...', Array, true)
#4 C:\Users\Bon cabe\Documents\pesanan\jimbo\TA\app\penjualan_HTSA_jimbo\app\Controllers\Produk.php(41): view('frontend/pages/...', Array)
#5 C:\Users\Bon cabe\Documents\pesanan\jimbo\TA\app\penjualan_HTSA_jimbo\vendor\codeigniter4\framework\system\CodeIgniter.php(931): App\Controllers\Produk->index('backend', 'dist', 'js', 'adminlte.min.js')
#6 C:\Users\Bon cabe\Documents\pesanan\jimbo\TA\app\penjualan_HTSA_jimbo\vendor\codeigniter4\framework\system\CodeIgniter.php(439): CodeIgniter\CodeIgniter->runController(Object(App\Controllers\Produk))
#7 C:\Users\Bon cabe\Documents\pesanan\jimbo\TA\app\penjualan_HTSA_jimbo\vendor\codeigniter4\framework\system\CodeIgniter.php(339): CodeIgniter\CodeIgniter->handleRequest(NULL, Object(Config\Cache), false)
#8 C:\Users\Bon cabe\Documents\pesanan\jimbo\TA\app\penjualan_HTSA_jimbo\public\index.php(45): CodeIgniter\CodeIgniter->run()
#9 C:\Users\Bon cabe\Documents\pesanan\jimbo\TA\app\penjualan_HTSA_jimbo\vendor\codeigniter4\framework\system\Commands\Server\rewrite.php(45): require_once('C:\\Users\\Bon ca...')
#10 {main}
CRITICAL - 2021-06-05 08:05:50 --> Trying to access array offset on value of type null
#0 C:\Users\Bon cabe\Documents\pesanan\jimbo\TA\app\penjualan_HTSA_jimbo\app\Views\frontend\pages\detail.php(12): CodeIgniter\Debug\Exceptions->errorHandler(8, 'Trying to acces...', 'C:\\Users\\Bon ca...', 12, Array)
#1 C:\Users\Bon cabe\Documents\pesanan\jimbo\TA\app\penjualan_HTSA_jimbo\vendor\codeigniter4\framework\system\View\View.php(230): include('C:\\Users\\Bon ca...')
#2 C:\Users\Bon cabe\Documents\pesanan\jimbo\TA\app\penjualan_HTSA_jimbo\vendor\codeigniter4\framework\system\View\View.php(232): CodeIgniter\View\View->CodeIgniter\View\{closure}()
#3 C:\Users\Bon cabe\Documents\pesanan\jimbo\TA\app\penjualan_HTSA_jimbo\vendor\codeigniter4\framework\system\Common.php(1250): CodeIgniter\View\View->render('frontend/pages/...', Array, true)
#4 C:\Users\Bon cabe\Documents\pesanan\jimbo\TA\app\penjualan_HTSA_jimbo\app\Controllers\Produk.php(41): view('frontend/pages/...', Array)
#5 C:\Users\Bon cabe\Documents\pesanan\jimbo\TA\app\penjualan_HTSA_jimbo\vendor\codeigniter4\framework\system\CodeIgniter.php(931): App\Controllers\Produk->index('backend', 'dist', 'js', 'demo.js')
#6 C:\Users\Bon cabe\Documents\pesanan\jimbo\TA\app\penjualan_HTSA_jimbo\vendor\codeigniter4\framework\system\CodeIgniter.php(439): CodeIgniter\CodeIgniter->runController(Object(App\Controllers\Produk))
#7 C:\Users\Bon cabe\Documents\pesanan\jimbo\TA\app\penjualan_HTSA_jimbo\vendor\codeigniter4\framework\system\CodeIgniter.php(339): CodeIgniter\CodeIgniter->handleRequest(NULL, Object(Config\Cache), false)
#8 C:\Users\Bon cabe\Documents\pesanan\jimbo\TA\app\penjualan_HTSA_jimbo\public\index.php(45): CodeIgniter\CodeIgniter->run()
#9 C:\Users\Bon cabe\Documents\pesanan\jimbo\TA\app\penjualan_HTSA_jimbo\vendor\codeigniter4\framework\system\Commands\Server\rewrite.php(45): require_once('C:\\Users\\Bon ca...')
#10 {main}
CRITICAL - 2021-06-05 08:05:50 --> Trying to access array offset on value of type null
#0 C:\Users\Bon cabe\Documents\pesanan\jimbo\TA\app\penjualan_HTSA_jimbo\app\Views\frontend\pages\detail.php(12): CodeIgniter\Debug\Exceptions->errorHandler(8, 'Trying to acces...', 'C:\\Users\\Bon ca...', 12, Array)
#1 C:\Users\Bon cabe\Documents\pesanan\jimbo\TA\app\penjualan_HTSA_jimbo\vendor\codeigniter4\framework\system\View\View.php(230): include('C:\\Users\\Bon ca...')
#2 C:\Users\Bon cabe\Documents\pesanan\jimbo\TA\app\penjualan_HTSA_jimbo\vendor\codeigniter4\framework\system\View\View.php(232): CodeIgniter\View\View->CodeIgniter\View\{closure}()
#3 C:\Users\Bon cabe\Documents\pesanan\jimbo\TA\app\penjualan_HTSA_jimbo\vendor\codeigniter4\framework\system\Common.php(1250): CodeIgniter\View\View->render('frontend/pages/...', Array, true)
#4 C:\Users\Bon cabe\Documents\pesanan\jimbo\TA\app\penjualan_HTSA_jimbo\app\Controllers\Produk.php(41): view('frontend/pages/...', Array)
#5 C:\Users\Bon cabe\Documents\pesanan\jimbo\TA\app\penjualan_HTSA_jimbo\vendor\codeigniter4\framework\system\CodeIgniter.php(931): App\Controllers\Produk->index('frontend', 'img', 'logo.png')
#6 C:\Users\Bon cabe\Documents\pesanan\jimbo\TA\app\penjualan_HTSA_jimbo\vendor\codeigniter4\framework\system\CodeIgniter.php(439): CodeIgniter\CodeIgniter->runController(Object(App\Controllers\Produk))
#7 C:\Users\Bon cabe\Documents\pesanan\jimbo\TA\app\penjualan_HTSA_jimbo\vendor\codeigniter4\framework\system\CodeIgniter.php(339): CodeIgniter\CodeIgniter->handleRequest(NULL, Object(Config\Cache), false)
#8 C:\Users\Bon cabe\Documents\pesanan\jimbo\TA\app\penjualan_HTSA_jimbo\public\index.php(45): CodeIgniter\CodeIgniter->run()
#9 C:\Users\Bon cabe\Documents\pesanan\jimbo\TA\app\penjualan_HTSA_jimbo\vendor\codeigniter4\framework\system\Commands\Server\rewrite.php(45): require_once('C:\\Users\\Bon ca...')
#10 {main}
CRITICAL - 2021-06-05 08:05:50 --> Trying to access array offset on value of type null
#0 C:\Users\Bon cabe\Documents\pesanan\jimbo\TA\app\penjualan_HTSA_jimbo\app\Views\frontend\pages\detail.php(12): CodeIgniter\Debug\Exceptions->errorHandler(8, 'Trying to acces...', 'C:\\Users\\Bon ca...', 12, Array)
#1 C:\Users\Bon cabe\Documents\pesanan\jimbo\TA\app\penjualan_HTSA_jimbo\vendor\codeigniter4\framework\system\View\View.php(230): include('C:\\Users\\Bon ca...')
#2 C:\Users\Bon cabe\Documents\pesanan\jimbo\TA\app\penjualan_HTSA_jimbo\vendor\codeigniter4\framework\system\View\View.php(232): CodeIgniter\View\View->CodeIgniter\View\{closure}()
#3 C:\Users\Bon cabe\Documents\pesanan\jimbo\TA\app\penjualan_HTSA_jimbo\vendor\codeigniter4\framework\system\Common.php(1250): CodeIgniter\View\View->render('frontend/pages/...', Array, true)
#4 C:\Users\Bon cabe\Documents\pesanan\jimbo\TA\app\penjualan_HTSA_jimbo\app\Controllers\Produk.php(41): view('frontend/pages/...', Array)
#5 C:\Users\Bon cabe\Documents\pesanan\jimbo\TA\app\penjualan_HTSA_jimbo\vendor\codeigniter4\framework\system\CodeIgniter.php(931): App\Controllers\Produk->index('backend', 'plugins', 'bootstrap', 'js', 'bootstrap.bundl...')
#6 C:\Users\Bon cabe\Documents\pesanan\jimbo\TA\app\penjualan_HTSA_jimbo\vendor\codeigniter4\framework\system\CodeIgniter.php(439): CodeIgniter\CodeIgniter->runController(Object(App\Controllers\Produk))
#7 C:\Users\Bon cabe\Documents\pesanan\jimbo\TA\app\penjualan_HTSA_jimbo\vendor\codeigniter4\framework\system\CodeIgniter.php(339): CodeIgniter\CodeIgniter->handleRequest(NULL, Object(Config\Cache), false)
#8 C:\Users\Bon cabe\Documents\pesanan\jimbo\TA\app\penjualan_HTSA_jimbo\public\index.php(45): CodeIgniter\CodeIgniter->run()
#9 C:\Users\Bon cabe\Documents\pesanan\jimbo\TA\app\penjualan_HTSA_jimbo\vendor\codeigniter4\framework\system\Commands\Server\rewrite.php(45): require_once('C:\\Users\\Bon ca...')
#10 {main}
CRITICAL - 2021-06-05 08:05:51 --> Trying to access array offset on value of type null
#0 C:\Users\Bon cabe\Documents\pesanan\jimbo\TA\app\penjualan_HTSA_jimbo\app\Views\frontend\pages\detail.php(12): CodeIgniter\Debug\Exceptions->errorHandler(8, 'Trying to acces...', 'C:\\Users\\Bon ca...', 12, Array)
#1 C:\Users\Bon cabe\Documents\pesanan\jimbo\TA\app\penjualan_HTSA_jimbo\vendor\codeigniter4\framework\system\View\View.php(230): include('C:\\Users\\Bon ca...')
#2 C:\Users\Bon cabe\Documents\pesanan\jimbo\TA\app\penjualan_HTSA_jimbo\vendor\codeigniter4\framework\system\View\View.php(232): CodeIgniter\View\View->CodeIgniter\View\{closure}()
#3 C:\Users\Bon cabe\Documents\pesanan\jimbo\TA\app\penjualan_HTSA_jimbo\vendor\codeigniter4\framework\system\Common.php(1250): CodeIgniter\View\View->render('frontend/pages/...', Array, true)
#4 C:\Users\Bon cabe\Documents\pesanan\jimbo\TA\app\penjualan_HTSA_jimbo\app\Controllers\Produk.php(41): view('frontend/pages/...', Array)
#5 C:\Users\Bon cabe\Documents\pesanan\jimbo\TA\app\penjualan_HTSA_jimbo\vendor\codeigniter4\framework\system\CodeIgniter.php(931): App\Controllers\Produk->index('backend', 'dist', 'js', 'adminlte.min.js')
#6 C:\Users\Bon cabe\Documents\pesanan\jimbo\TA\app\penjualan_HTSA_jimbo\vendor\codeigniter4\framework\system\CodeIgniter.php(439): CodeIgniter\CodeIgniter->runController(Object(App\Controllers\Produk))
#7 C:\Users\Bon cabe\Documents\pesanan\jimbo\TA\app\penjualan_HTSA_jimbo\vendor\codeigniter4\framework\system\CodeIgniter.php(339): CodeIgniter\CodeIgniter->handleRequest(NULL, Object(Config\Cache), false)
#8 C:\Users\Bon cabe\Documents\pesanan\jimbo\TA\app\penjualan_HTSA_jimbo\public\index.php(45): CodeIgniter\CodeIgniter->run()
#9 C:\Users\Bon cabe\Documents\pesanan\jimbo\TA\app\penjualan_HTSA_jimbo\vendor\codeigniter4\framework\system\Commands\Server\rewrite.php(45): require_once('C:\\Users\\Bon ca...')
#10 {main}
CRITICAL - 2021-06-05 08:05:51 --> Trying to access array offset on value of type null
#0 C:\Users\Bon cabe\Documents\pesanan\jimbo\TA\app\penjualan_HTSA_jimbo\app\Views\frontend\pages\detail.php(12): CodeIgniter\Debug\Exceptions->errorHandler(8, 'Trying to acces...', 'C:\\Users\\Bon ca...', 12, Array)
#1 C:\Users\Bon cabe\Documents\pesanan\jimbo\TA\app\penjualan_HTSA_jimbo\vendor\codeigniter4\framework\system\View\View.php(230): include('C:\\Users\\Bon ca...')
#2 C:\Users\Bon cabe\Documents\pesanan\jimbo\TA\app\penjualan_HTSA_jimbo\vendor\codeigniter4\framework\system\View\View.php(232): CodeIgniter\View\View->CodeIgniter\View\{closure}()
#3 C:\Users\Bon cabe\Documents\pesanan\jimbo\TA\app\penjualan_HTSA_jimbo\vendor\codeigniter4\framework\system\Common.php(1250): CodeIgniter\View\View->render('frontend/pages/...', Array, true)
#4 C:\Users\Bon cabe\Documents\pesanan\jimbo\TA\app\penjualan_HTSA_jimbo\app\Controllers\Produk.php(41): view('frontend/pages/...', Array)
#5 C:\Users\Bon cabe\Documents\pesanan\jimbo\TA\app\penjualan_HTSA_jimbo\vendor\codeigniter4\framework\system\CodeIgniter.php(931): App\Controllers\Produk->index('backend', 'dist', 'js', 'demo.js')
#6 C:\Users\Bon cabe\Documents\pesanan\jimbo\TA\app\penjualan_HTSA_jimbo\vendor\codeigniter4\framework\system\CodeIgniter.php(439): CodeIgniter\CodeIgniter->runController(Object(App\Controllers\Produk))
#7 C:\Users\Bon cabe\Documents\pesanan\jimbo\TA\app\penjualan_HTSA_jimbo\vendor\codeigniter4\framework\system\CodeIgniter.php(339): CodeIgniter\CodeIgniter->handleRequest(NULL, Object(Config\Cache), false)
#8 C:\Users\Bon cabe\Documents\pesanan\jimbo\TA\app\penjualan_HTSA_jimbo\public\index.php(45): CodeIgniter\CodeIgniter->run()
#9 C:\Users\Bon cabe\Documents\pesanan\jimbo\TA\app\penjualan_HTSA_jimbo\vendor\codeigniter4\framework\system\Commands\Server\rewrite.php(45): require_once('C:\\Users\\Bon ca...')
#10 {main}
CRITICAL - 2021-06-05 08:06:53 --> Trying to access array offset on value of type null
#0 C:\Users\Bon cabe\Documents\pesanan\jimbo\TA\app\penjualan_HTSA_jimbo\app\Views\frontend\pages\detail.php(12): CodeIgniter\Debug\Exceptions->errorHandler(8, 'Trying to acces...', 'C:\\Users\\Bon ca...', 12, Array)
#1 C:\Users\Bon cabe\Documents\pesanan\jimbo\TA\app\penjualan_HTSA_jimbo\vendor\codeigniter4\framework\system\View\View.php(230): include('C:\\Users\\Bon ca...')
#2 C:\Users\Bon cabe\Documents\pesanan\jimbo\TA\app\penjualan_HTSA_jimbo\vendor\codeigniter4\framework\system\View\View.php(232): CodeIgniter\View\View->CodeIgniter\View\{closure}()
#3 C:\Users\Bon cabe\Documents\pesanan\jimbo\TA\app\penjualan_HTSA_jimbo\vendor\codeigniter4\framework\system\Common.php(1250): CodeIgniter\View\View->render('frontend/pages/...', Array, true)
#4 C:\Users\Bon cabe\Documents\pesanan\jimbo\TA\app\penjualan_HTSA_jimbo\app\Controllers\Produk.php(41): view('frontend/pages/...', Array)
#5 C:\Users\Bon cabe\Documents\pesanan\jimbo\TA\app\penjualan_HTSA_jimbo\vendor\codeigniter4\framework\system\CodeIgniter.php(931): App\Controllers\Produk->index('backend', 'plugins', 'bootstrap', 'js', 'bootstrap.bundl...')
#6 C:\Users\Bon cabe\Documents\pesanan\jimbo\TA\app\penjualan_HTSA_jimbo\vendor\codeigniter4\framework\system\CodeIgniter.php(439): CodeIgniter\CodeIgniter->runController(Object(App\Controllers\Produk))
#7 C:\Users\Bon cabe\Documents\pesanan\jimbo\TA\app\penjualan_HTSA_jimbo\vendor\codeigniter4\framework\system\CodeIgniter.php(339): CodeIgniter\CodeIgniter->handleRequest(NULL, Object(Config\Cache), false)
#8 C:\Users\Bon cabe\Documents\pesanan\jimbo\TA\app\penjualan_HTSA_jimbo\public\index.php(45): CodeIgniter\CodeIgniter->run()
#9 C:\Users\Bon cabe\Documents\pesanan\jimbo\TA\app\penjualan_HTSA_jimbo\vendor\codeigniter4\framework\system\Commands\Server\rewrite.php(45): require_once('C:\\Users\\Bon ca...')
#10 {main}
CRITICAL - 2021-06-05 08:06:54 --> Trying to access array offset on value of type null
#0 C:\Users\Bon cabe\Documents\pesanan\jimbo\TA\app\penjualan_HTSA_jimbo\app\Views\frontend\pages\detail.php(12): CodeIgniter\Debug\Exceptions->errorHandler(8, 'Trying to acces...', 'C:\\Users\\Bon ca...', 12, Array)
#1 C:\Users\Bon cabe\Documents\pesanan\jimbo\TA\app\penjualan_HTSA_jimbo\vendor\codeigniter4\framework\system\View\View.php(230): include('C:\\Users\\Bon ca...')
#2 C:\Users\Bon cabe\Documents\pesanan\jimbo\TA\app\penjualan_HTSA_jimbo\vendor\codeigniter4\framework\system\View\View.php(232): CodeIgniter\View\View->CodeIgniter\View\{closure}()
#3 C:\Users\Bon cabe\Documents\pesanan\jimbo\TA\app\penjualan_HTSA_jimbo\vendor\codeigniter4\framework\system\Common.php(1250): CodeIgniter\View\View->render('frontend/pages/...', Array, true)
#4 C:\Users\Bon cabe\Documents\pesanan\jimbo\TA\app\penjualan_HTSA_jimbo\app\Controllers\Produk.php(41): view('frontend/pages/...', Array)
#5 C:\Users\Bon cabe\Documents\pesanan\jimbo\TA\app\penjualan_HTSA_jimbo\vendor\codeigniter4\framework\system\CodeIgniter.php(931): App\Controllers\Produk->index('backend', 'dist', 'js', 'adminlte.min.js')
#6 C:\Users\Bon cabe\Documents\pesanan\jimbo\TA\app\penjualan_HTSA_jimbo\vendor\codeigniter4\framework\system\CodeIgniter.php(439): CodeIgniter\CodeIgniter->runController(Object(App\Controllers\Produk))
#7 C:\Users\Bon cabe\Documents\pesanan\jimbo\TA\app\penjualan_HTSA_jimbo\vendor\codeigniter4\framework\system\CodeIgniter.php(339): CodeIgniter\CodeIgniter->handleRequest(NULL, Object(Config\Cache), false)
#8 C:\Users\Bon cabe\Documents\pesanan\jimbo\TA\app\penjualan_HTSA_jimbo\public\index.php(45): CodeIgniter\CodeIgniter->run()
#9 C:\Users\Bon cabe\Documents\pesanan\jimbo\TA\app\penjualan_HTSA_jimbo\vendor\codeigniter4\framework\system\Commands\Server\rewrite.php(45): require_once('C:\\Users\\Bon ca...')
#10 {main}
CRITICAL - 2021-06-05 08:06:54 --> Trying to access array offset on value of type null
#0 C:\Users\Bon cabe\Documents\pesanan\jimbo\TA\app\penjualan_HTSA_jimbo\app\Views\frontend\pages\detail.php(12): CodeIgniter\Debug\Exceptions->errorHandler(8, 'Trying to acces...', 'C:\\Users\\Bon ca...', 12, Array)
#1 C:\Users\Bon cabe\Documents\pesanan\jimbo\TA\app\penjualan_HTSA_jimbo\vendor\codeigniter4\framework\system\View\View.php(230): include('C:\\Users\\Bon ca...')
#2 C:\Users\Bon cabe\Documents\pesanan\jimbo\TA\app\penjualan_HTSA_jimbo\vendor\codeigniter4\framework\system\View\View.php(232): CodeIgniter\View\View->CodeIgniter\View\{closure}()
#3 C:\Users\Bon cabe\Documents\pesanan\jimbo\TA\app\penjualan_HTSA_jimbo\vendor\codeigniter4\framework\system\Common.php(1250): CodeIgniter\View\View->render('frontend/pages/...', Array, true)
#4 C:\Users\Bon cabe\Documents\pesanan\jimbo\TA\app\penjualan_HTSA_jimbo\app\Controllers\Produk.php(41): view('frontend/pages/...', Array)
#5 C:\Users\Bon cabe\Documents\pesanan\jimbo\TA\app\penjualan_HTSA_jimbo\vendor\codeigniter4\framework\system\CodeIgniter.php(931): App\Controllers\Produk->index('backend', 'dist', 'js', 'demo.js')
#6 C:\Users\Bon cabe\Documents\pesanan\jimbo\TA\app\penjualan_HTSA_jimbo\vendor\codeigniter4\framework\system\CodeIgniter.php(439): CodeIgniter\CodeIgniter->runController(Object(App\Controllers\Produk))
#7 C:\Users\Bon cabe\Documents\pesanan\jimbo\TA\app\penjualan_HTSA_jimbo\vendor\codeigniter4\framework\system\CodeIgniter.php(339): CodeIgniter\CodeIgniter->handleRequest(NULL, Object(Config\Cache), false)
#8 C:\Users\Bon cabe\Documents\pesanan\jimbo\TA\app\penjualan_HTSA_jimbo\public\index.php(45): CodeIgniter\CodeIgniter->run()
#9 C:\Users\Bon cabe\Documents\pesanan\jimbo\TA\app\penjualan_HTSA_jimbo\vendor\codeigniter4\framework\system\Commands\Server\rewrite.php(45): require_once('C:\\Users\\Bon ca...')
#10 {main}
CRITICAL - 2021-06-05 08:06:54 --> Trying to access array offset on value of type null
#0 C:\Users\Bon cabe\Documents\pesanan\jimbo\TA\app\penjualan_HTSA_jimbo\app\Views\frontend\pages\detail.php(12): CodeIgniter\Debug\Exceptions->errorHandler(8, 'Trying to acces...', 'C:\\Users\\Bon ca...', 12, Array)
#1 C:\Users\Bon cabe\Documents\pesanan\jimbo\TA\app\penjualan_HTSA_jimbo\vendor\codeigniter4\framework\system\View\View.php(230): include('C:\\Users\\Bon ca...')
#2 C:\Users\Bon cabe\Documents\pesanan\jimbo\TA\app\penjualan_HTSA_jimbo\vendor\codeigniter4\framework\system\View\View.php(232): CodeIgniter\View\View->CodeIgniter\View\{closure}()
#3 C:\Users\Bon cabe\Documents\pesanan\jimbo\TA\app\penjualan_HTSA_jimbo\vendor\codeigniter4\framework\system\Common.php(1250): CodeIgniter\View\View->render('frontend/pages/...', Array, true)
#4 C:\Users\Bon cabe\Documents\pesanan\jimbo\TA\app\penjualan_HTSA_jimbo\app\Controllers\Produk.php(41): view('frontend/pages/...', Array)
#5 C:\Users\Bon cabe\Documents\pesanan\jimbo\TA\app\penjualan_HTSA_jimbo\vendor\codeigniter4\framework\system\CodeIgniter.php(931): App\Controllers\Produk->index('frontend', 'img', 'logo.png')
#6 C:\Users\Bon cabe\Documents\pesanan\jimbo\TA\app\penjualan_HTSA_jimbo\vendor\codeigniter4\framework\system\CodeIgniter.php(439): CodeIgniter\CodeIgniter->runController(Object(App\Controllers\Produk))
#7 C:\Users\Bon cabe\Documents\pesanan\jimbo\TA\app\penjualan_HTSA_jimbo\vendor\codeigniter4\framework\system\CodeIgniter.php(339): CodeIgniter\CodeIgniter->handleRequest(NULL, Object(Config\Cache), false)
#8 C:\Users\Bon cabe\Documents\pesanan\jimbo\TA\app\penjualan_HTSA_jimbo\public\index.php(45): CodeIgniter\CodeIgniter->run()
#9 C:\Users\Bon cabe\Documents\pesanan\jimbo\TA\app\penjualan_HTSA_jimbo\vendor\codeigniter4\framework\system\Commands\Server\rewrite.php(45): require_once('C:\\Users\\Bon ca...')
#10 {main}
